{"/Users/user/Documents/Personal_Projects/stack_overflow-lite/src/app.ts": {"path":"/Users/user/Documents/Personal_Projects/stack_overflow-lite/src/app.ts","statementMap":{"0":{"start":{"line":1,"column":0},"end":{"line":1,"column":66}},"1":{"start":{"line":2,"column":13},"end":{"line":2,"column":37}},"2":{"start":{"line":4,"column":0},"end":{"line":4,"column":41}},"3":{"start":{"line":5,"column":0},"end":{"line":5,"column":54}},"4":{"start":{"line":10,"column":21},"end":{"line":30,"column":1}},"5":{"start":{"line":11,"column":27},"end":{"line":11,"column":36}},"6":{"start":{"line":14,"column":2},"end":{"line":14,"column":26}},"7":{"start":{"line":15,"column":2},"end":{"line":15,"column":50}},"8":{"start":{"line":18,"column":2},"end":{"line":20,"column":5}},"9":{"start":{"line":18,"column":84},"end":{"line":20,"column":4}},"10":{"start":{"line":19,"column":4},"end":{"line":19,"column":84}},"11":{"start":{"line":22,"column":2},"end":{"line":22,"column":26}},"12":{"start":{"line":25,"column":2},"end":{"line":27,"column":5}},"13":{"start":{"line":26,"column":4},"end":{"line":26,"column":54}},"14":{"start":{"line":29,"column":2},"end":{"line":29,"column":13}},"15":{"start":{"line":10,"column":13},"end":{"line":10,"column":21}},"16":{"start":{"line":32,"column":21},"end":{"line":42,"column":1}},"17":{"start":{"line":33,"column":17},"end":{"line":33,"column":24}},"18":{"start":{"line":34,"column":2},"end":{"line":40,"column":null}},"19":{"start":{"line":35,"column":4},"end":{"line":37,"column":7}},"20":{"start":{"line":36,"column":6},"end":{"line":36,"column":52}},"21":{"start":{"line":39,"column":4},"end":{"line":39,"column":52}},"22":{"start":{"line":41,"column":2},"end":{"line":41,"column":16}},"23":{"start":{"line":32,"column":13},"end":{"line":32,"column":21}},"24":{"start":{"line":44,"column":0},"end":{"line":44,"column":8}}},"fnMap":{"0":{"name":"(anonymous_8)","decl":{"start":{"line":10,"column":21},"end":{"line":10,"column":24}},"loc":{"start":{"line":10,"column":26},"end":{"line":30,"column":1}}},"1":{"name":"(anonymous_9)","decl":{"start":{"line":18,"column":27},"end":{"line":18,"column":34}},"loc":{"start":{"line":18,"column":84},"end":{"line":20,"column":4}}},"2":{"name":"(anonymous_10)","decl":{"start":{"line":18,"column":84},"end":{"line":18,"column":null}},"loc":{"start":{"line":18,"column":84},"end":{"line":20,"column":3}}},"3":{"name":"(anonymous_11)","decl":{"start":{"line":25,"column":10},"end":{"line":25,"column":11}},"loc":{"start":{"line":25,"column":40},"end":{"line":27,"column":3}}},"4":{"name":"(anonymous_12)","decl":{"start":{"line":32,"column":21},"end":{"line":32,"column":24}},"loc":{"start":{"line":32,"column":26},"end":{"line":42,"column":1}}},"5":{"name":"(anonymous_13)","decl":{"start":{"line":35,"column":24},"end":{"line":35,"column":27}},"loc":{"start":{"line":35,"column":29},"end":{"line":37,"column":5}}}},"branchMap":{"0":{"loc":{"start":{"line":2,"column":13},"end":{"line":2,"column":37}},"type":"binary-expr","locations":[{"start":{"line":2,"column":13},"end":{"line":2,"column":29}},{"start":{"line":2,"column":33},"end":{"line":2,"column":37}}]}},"s":{"0":1,"1":1,"2":1,"3":1,"4":1,"5":2,"6":2,"7":2,"8":2,"9":1,"10":1,"11":2,"12":2,"13":0,"14":2,"15":1,"16":1,"17":1,"18":1,"19":1,"20":1,"21":0,"22":1,"23":1,"24":1},"f":{"0":2,"1":1,"2":1,"3":0,"4":1,"5":1},"b":{"0":[1,1]}}
,"/Users/user/Documents/Personal_Projects/stack_overflow-lite/src/config/config.ts": {"path":"/Users/user/Documents/Personal_Projects/stack_overflow-lite/src/config/config.ts","statementMap":{"0":{"start":{"line":1,"column":0},"end":{"line":1,"column":27}},"1":{"start":{"line":2,"column":0},"end":{"line":2,"column":47}},"2":{"start":{"line":7,"column":15},"end":{"line":7,"column":46}},"3":{"start":{"line":9,"column":15},"end":{"line":9,"column":94}},"4":{"start":{"line":10,"column":15},"end":{"line":10,"column":48}},"5":{"start":{"line":11,"column":15},"end":{"line":11,"column":44}},"6":{"start":{"line":12,"column":17},"end":{"line":12,"column":49}},"7":{"start":{"line":13,"column":19},"end":{"line":13,"column":52}},"8":{"start":{"line":14,"column":15},"end":{"line":14,"column":44}},"9":{"start":{"line":16,"column":12},"end":{"line":16,"column":81}},"10":{"start":{"line":18,"column":0},"end":{"line":21,"column":3}},"11":{"start":{"line":23,"column":0},"end":{"line":30,"column":5}},"12":{"start":{"line":26,"column":4},"end":{"line":26,"column":58}},"13":{"start":{"line":29,"column":4},"end":{"line":29,"column":48}},"14":{"start":{"line":33,"column":55},"end":{"line":35,"column":2}},"15":{"start":{"line":33,"column":66},"end":{"line":35,"column":2}},"16":{"start":{"line":34,"column":2},"end":{"line":34,"column":26}},"17":{"start":{"line":33,"column":13},"end":{"line":33,"column":55}},"18":{"start":{"line":37,"column":0},"end":{"line":37,"column":25}}},"fnMap":{"0":{"name":"(anonymous_7)","decl":{"start":{"line":25,"column":8},"end":{"line":25,"column":11}},"loc":{"start":{"line":25,"column":13},"end":{"line":27,"column":3}}},"1":{"name":"(anonymous_8)","decl":{"start":{"line":28,"column":9},"end":{"line":28,"column":10}},"loc":{"start":{"line":28,"column":22},"end":{"line":30,"column":3}}},"2":{"name":"(anonymous_9)","decl":{"start":{"line":33,"column":55},"end":{"line":33,"column":64}},"loc":{"start":{"line":33,"column":66},"end":{"line":35,"column":2}}},"3":{"name":"(anonymous_10)","decl":{"start":{"line":33,"column":66},"end":{"line":33,"column":null}},"loc":{"start":{"line":33,"column":66},"end":{"line":35,"column":1}}}},"branchMap":{"0":{"loc":{"start":{"line":9,"column":15},"end":{"line":9,"column":94}},"type":"cond-expr","locations":[{"start":{"line":9,"column":25},"end":{"line":9,"column":60}},{"start":{"line":9,"column":64},"end":{"line":9,"column":94}}]}},"s":{"0":1,"1":1,"2":1,"3":1,"4":1,"5":1,"6":1,"7":1,"8":1,"9":1,"10":1,"11":1,"12":0,"13":0,"14":1,"15":0,"16":0,"17":1,"18":1},"f":{"0":0,"1":0,"2":0,"3":0},"b":{"0":[1,0]}}
,"/Users/user/Documents/Personal_Projects/stack_overflow-lite/src/config/esClientConfig.ts": {"path":"/Users/user/Documents/Personal_Projects/stack_overflow-lite/src/config/esClientConfig.ts","statementMap":{"0":{"start":{"line":1,"column":0},"end":{"line":1,"column":48}},"1":{"start":{"line":5,"column":13},"end":{"line":13,"column":20}}},"fnMap":{},"branchMap":{},"s":{"0":1,"1":1},"f":{},"b":{}}
,"/Users/user/Documents/Personal_Projects/stack_overflow-lite/src/controllers/answers.ts": {"path":"/Users/user/Documents/Personal_Projects/stack_overflow-lite/src/controllers/answers.ts","statementMap":{"0":{"start":{"line":1,"column":0},"end":{"line":1,"column":30}},"1":{"start":{"line":4,"column":0},"end":{"line":4,"column":55}},"2":{"start":{"line":5,"column":0},"end":{"line":5,"column":48}},"3":{"start":{"line":6,"column":0},"end":{"line":6,"column":54}},"4":{"start":{"line":7,"column":0},"end":{"line":7,"column":44}},"5":{"start":{"line":10,"column":15},"end":{"line":26,"column":2}},"6":{"start":{"line":10,"column":63},"end":{"line":26,"column":2}},"7":{"start":{"line":11,"column":19},"end":{"line":11,"column":22}},"8":{"start":{"line":12,"column":33},"end":{"line":12,"column":41}},"9":{"start":{"line":13,"column":2},"end":{"line":13,"column":89}},"10":{"start":{"line":13,"column":13},"end":{"line":13,"column":89}},"11":{"start":{"line":15,"column":2},"end":{"line":25,"column":null}},"12":{"start":{"line":16,"column":22},"end":{"line":16,"column":201}},"13":{"start":{"line":19,"column":4},"end":{"line":19,"column":53}},"14":{"start":{"line":21,"column":4},"end":{"line":21,"column":104}},"15":{"start":{"line":23,"column":4},"end":{"line":23,"column":23}},"16":{"start":{"line":24,"column":4},"end":{"line":24,"column":47}},"17":{"start":{"line":28,"column":21},"end":{"line":43,"column":2}},"18":{"start":{"line":28,"column":69},"end":{"line":43,"column":2}},"19":{"start":{"line":29,"column":19},"end":{"line":29,"column":22}},"20":{"start":{"line":30,"column":23},"end":{"line":30,"column":31}},"21":{"start":{"line":32,"column":2},"end":{"line":42,"column":null}},"22":{"start":{"line":33,"column":22},"end":{"line":33,"column":71}},"23":{"start":{"line":34,"column":4},"end":{"line":34,"column":99}},"24":{"start":{"line":34,"column":20},"end":{"line":34,"column":99}},"25":{"start":{"line":36,"column":4},"end":{"line":36,"column":52}},"26":{"start":{"line":38,"column":4},"end":{"line":38,"column":87}},"27":{"start":{"line":40,"column":4},"end":{"line":40,"column":23}},"28":{"start":{"line":41,"column":4},"end":{"line":41,"column":47}},"29":{"start":{"line":45,"column":21},"end":{"line":74,"column":2}},"30":{"start":{"line":45,"column":69},"end":{"line":74,"column":2}},"31":{"start":{"line":46,"column":19},"end":{"line":46,"column":22}},"32":{"start":{"line":47,"column":29},"end":{"line":47,"column":37}},"33":{"start":{"line":49,"column":2},"end":{"line":49,"column":89}},"34":{"start":{"line":49,"column":13},"end":{"line":49,"column":89}},"35":{"start":{"line":51,"column":2},"end":{"line":51,"column":119}},"36":{"start":{"line":51,"column":26},"end":{"line":51,"column":119}},"37":{"start":{"line":53,"column":21},"end":{"line":53,"column":43}},"38":{"start":{"line":54,"column":2},"end":{"line":54,"column":100}},"39":{"start":{"line":54,"column":34},"end":{"line":54,"column":100}},"40":{"start":{"line":56,"column":2},"end":{"line":73,"column":null}},"41":{"start":{"line":57,"column":22},"end":{"line":57,"column":71}},"42":{"start":{"line":58,"column":4},"end":{"line":58,"column":114}},"43":{"start":{"line":58,"column":20},"end":{"line":58,"column":114}},"44":{"start":{"line":61,"column":23},"end":{"line":61,"column":39}},"45":{"start":{"line":62,"column":20},"end":{"line":62,"column":27}},"46":{"start":{"line":67,"column":46},"end":{"line":67,"column":263}},"47":{"start":{"line":69,"column":4},"end":{"line":69,"column":94}},"48":{"start":{"line":71,"column":4},"end":{"line":71,"column":23}},"49":{"start":{"line":72,"column":4},"end":{"line":72,"column":47}},"50":{"start":{"line":76,"column":21},"end":{"line":94,"column":2}},"51":{"start":{"line":76,"column":69},"end":{"line":94,"column":2}},"52":{"start":{"line":77,"column":19},"end":{"line":77,"column":22}},"53":{"start":{"line":78,"column":23},"end":{"line":78,"column":32}},"54":{"start":{"line":80,"column":2},"end":{"line":80,"column":89}},"55":{"start":{"line":80,"column":13},"end":{"line":80,"column":89}},"56":{"start":{"line":81,"column":2},"end":{"line":81,"column":99}},"57":{"start":{"line":81,"column":17},"end":{"line":81,"column":99}},"58":{"start":{"line":83,"column":2},"end":{"line":93,"column":null}},"59":{"start":{"line":84,"column":22},"end":{"line":84,"column":71}},"60":{"start":{"line":85,"column":4},"end":{"line":85,"column":112}},"61":{"start":{"line":85,"column":20},"end":{"line":85,"column":112}},"62":{"start":{"line":87,"column":25},"end":{"line":87,"column":76}},"63":{"start":{"line":89,"column":4},"end":{"line":89,"column":104}},"64":{"start":{"line":91,"column":4},"end":{"line":91,"column":23}},"65":{"start":{"line":92,"column":4},"end":{"line":92,"column":47}},"66":{"start":{"line":96,"column":0},"end":{"line":101,"column":2}}},"fnMap":{"0":{"name":"(anonymous_8)","decl":{"start":{"line":10,"column":15},"end":{"line":10,"column":22}},"loc":{"start":{"line":10,"column":63},"end":{"line":26,"column":2}}},"1":{"name":"(anonymous_9)","decl":{"start":{"line":10,"column":63},"end":{"line":10,"column":null}},"loc":{"start":{"line":10,"column":63},"end":{"line":26,"column":1}}},"2":{"name":"(anonymous_10)","decl":{"start":{"line":28,"column":21},"end":{"line":28,"column":28}},"loc":{"start":{"line":28,"column":69},"end":{"line":43,"column":2}}},"3":{"name":"(anonymous_11)","decl":{"start":{"line":28,"column":69},"end":{"line":28,"column":null}},"loc":{"start":{"line":28,"column":69},"end":{"line":43,"column":1}}},"4":{"name":"(anonymous_12)","decl":{"start":{"line":45,"column":21},"end":{"line":45,"column":28}},"loc":{"start":{"line":45,"column":69},"end":{"line":74,"column":2}}},"5":{"name":"(anonymous_13)","decl":{"start":{"line":45,"column":69},"end":{"line":45,"column":null}},"loc":{"start":{"line":45,"column":69},"end":{"line":74,"column":1}}},"6":{"name":"(anonymous_14)","decl":{"start":{"line":76,"column":21},"end":{"line":76,"column":28}},"loc":{"start":{"line":76,"column":69},"end":{"line":94,"column":2}}},"7":{"name":"(anonymous_15)","decl":{"start":{"line":76,"column":69},"end":{"line":76,"column":null}},"loc":{"start":{"line":76,"column":69},"end":{"line":94,"column":1}}}},"branchMap":{"0":{"loc":{"start":{"line":13,"column":2},"end":{"line":13,"column":89}},"type":"if","locations":[{"start":{"line":13,"column":2},"end":{"line":13,"column":89}}]},"1":{"loc":{"start":{"line":16,"column":22},"end":{"line":16,"column":201}},"type":"cond-expr","locations":[{"start":{"line":16,"column":46},"end":{"line":16,"column":124}},{"start":{"line":16,"column":127},"end":{"line":16,"column":201}}]},"2":{"loc":{"start":{"line":16,"column":22},"end":{"line":16,"column":43}},"type":"binary-expr","locations":[{"start":{"line":16,"column":22},"end":{"line":16,"column":32}},{"start":{"line":16,"column":36},"end":{"line":16,"column":43}}]},"3":{"loc":{"start":{"line":34,"column":4},"end":{"line":34,"column":99}},"type":"if","locations":[{"start":{"line":34,"column":4},"end":{"line":34,"column":99}}]},"4":{"loc":{"start":{"line":49,"column":2},"end":{"line":49,"column":89}},"type":"if","locations":[{"start":{"line":49,"column":2},"end":{"line":49,"column":89}}]},"5":{"loc":{"start":{"line":51,"column":2},"end":{"line":51,"column":119}},"type":"if","locations":[{"start":{"line":51,"column":2},"end":{"line":51,"column":119}}]},"6":{"loc":{"start":{"line":51,"column":6},"end":{"line":51,"column":24}},"type":"binary-expr","locations":[{"start":{"line":51,"column":6},"end":{"line":51,"column":11}},{"start":{"line":51,"column":15},"end":{"line":51,"column":24}}]},"7":{"loc":{"start":{"line":54,"column":2},"end":{"line":54,"column":100}},"type":"if","locations":[{"start":{"line":54,"column":2},"end":{"line":54,"column":100}}]},"8":{"loc":{"start":{"line":58,"column":4},"end":{"line":58,"column":114}},"type":"if","locations":[{"start":{"line":58,"column":4},"end":{"line":58,"column":114}}]},"9":{"loc":{"start":{"line":80,"column":2},"end":{"line":80,"column":89}},"type":"if","locations":[{"start":{"line":80,"column":2},"end":{"line":80,"column":89}}]},"10":{"loc":{"start":{"line":81,"column":2},"end":{"line":81,"column":99}},"type":"if","locations":[{"start":{"line":81,"column":2},"end":{"line":81,"column":99}}]},"11":{"loc":{"start":{"line":85,"column":4},"end":{"line":85,"column":112}},"type":"if","locations":[{"start":{"line":85,"column":4},"end":{"line":85,"column":112}}]}},"s":{"0":1,"1":1,"2":1,"3":1,"4":1,"5":1,"6":0,"7":0,"8":0,"9":0,"10":0,"11":0,"12":0,"13":0,"14":0,"15":0,"16":0,"17":1,"18":0,"19":0,"20":0,"21":0,"22":0,"23":0,"24":0,"25":0,"26":0,"27":0,"28":0,"29":1,"30":0,"31":0,"32":0,"33":0,"34":0,"35":0,"36":0,"37":0,"38":0,"39":0,"40":0,"41":0,"42":0,"43":0,"44":0,"45":0,"46":0,"47":0,"48":0,"49":0,"50":1,"51":0,"52":0,"53":0,"54":0,"55":0,"56":0,"57":0,"58":0,"59":0,"60":0,"61":0,"62":0,"63":0,"64":0,"65":0,"66":1},"f":{"0":0,"1":0,"2":0,"3":0,"4":0,"5":0,"6":0,"7":0},"b":{"0":[0],"1":[0,0],"2":[0,0],"3":[0],"4":[0],"5":[0],"6":[0,0],"7":[0],"8":[0],"9":[0],"10":[0],"11":[0]}}
,"/Users/user/Documents/Personal_Projects/stack_overflow-lite/src/controllers/esRequests.ts": {"path":"/Users/user/Documents/Personal_Projects/stack_overflow-lite/src/controllers/esRequests.ts","statementMap":{"0":{"start":{"line":2,"column":0},"end":{"line":2,"column":55}},"1":{"start":{"line":3,"column":0},"end":{"line":3,"column":59}},"2":{"start":{"line":12,"column":22},"end":{"line":19,"column":2}},"3":{"start":{"line":12,"column":60},"end":{"line":19,"column":2}},"4":{"start":{"line":13,"column":2},"end":{"line":18,"column":null}},"5":{"start":{"line":14,"column":4},"end":{"line":14,"column":61}},"6":{"start":{"line":15,"column":4},"end":{"line":15,"column":85}},"7":{"start":{"line":17,"column":4},"end":{"line":17,"column":54}},"8":{"start":{"line":34,"column":22},"end":{"line":52,"column":2}},"9":{"start":{"line":34,"column":60},"end":{"line":52,"column":2}},"10":{"start":{"line":35,"column":22},"end":{"line":35,"column":31}},"11":{"start":{"line":36,"column":45},"end":{"line":36,"column":53}},"12":{"start":{"line":38,"column":2},"end":{"line":38,"column":103}},"13":{"start":{"line":38,"column":16},"end":{"line":38,"column":103}},"14":{"start":{"line":40,"column":15},"end":{"line":40,"column":49}},"15":{"start":{"line":42,"column":2},"end":{"line":51,"column":null}},"16":{"start":{"line":43,"column":19},"end":{"line":46,"column":28}},"17":{"start":{"line":48,"column":4},"end":{"line":48,"column":112}},"18":{"start":{"line":50,"column":4},"end":{"line":50,"column":54}},"19":{"start":{"line":60,"column":27},"end":{"line":82,"column":2}},"20":{"start":{"line":60,"column":65},"end":{"line":82,"column":2}},"21":{"start":{"line":61,"column":25},"end":{"line":61,"column":34}},"22":{"start":{"line":63,"column":26},"end":{"line":63,"column":53}},"23":{"start":{"line":64,"column":2},"end":{"line":64,"column":115}},"24":{"start":{"line":64,"column":34},"end":{"line":64,"column":115}},"25":{"start":{"line":66,"column":2},"end":{"line":81,"column":null}},"26":{"start":{"line":68,"column":6},"end":{"line":76,"column":35}},"27":{"start":{"line":78,"column":4},"end":{"line":78,"column":111}},"28":{"start":{"line":80,"column":4},"end":{"line":80,"column":54}},"29":{"start":{"line":97,"column":25},"end":{"line":115,"column":2}},"30":{"start":{"line":97,"column":63},"end":{"line":115,"column":2}},"31":{"start":{"line":98,"column":22},"end":{"line":98,"column":31}},"32":{"start":{"line":99,"column":27},"end":{"line":99,"column":35}},"33":{"start":{"line":101,"column":2},"end":{"line":101,"column":103}},"34":{"start":{"line":101,"column":16},"end":{"line":101,"column":103}},"35":{"start":{"line":103,"column":15},"end":{"line":103,"column":31}},"36":{"start":{"line":105,"column":2},"end":{"line":114,"column":null}},"37":{"start":{"line":106,"column":19},"end":{"line":109,"column":28}},"38":{"start":{"line":111,"column":4},"end":{"line":111,"column":112}},"39":{"start":{"line":113,"column":4},"end":{"line":113,"column":54}},"40":{"start":{"line":124,"column":25},"end":{"line":137,"column":2}},"41":{"start":{"line":124,"column":63},"end":{"line":137,"column":2}},"42":{"start":{"line":125,"column":20},"end":{"line":125,"column":29}},"43":{"start":{"line":127,"column":2},"end":{"line":136,"column":null}},"44":{"start":{"line":128,"column":19},"end":{"line":131,"column":29}},"45":{"start":{"line":133,"column":4},"end":{"line":133,"column":111}},"46":{"start":{"line":135,"column":4},"end":{"line":135,"column":54}},"47":{"start":{"line":152,"column":23},"end":{"line":170,"column":2}},"48":{"start":{"line":152,"column":61},"end":{"line":170,"column":2}},"49":{"start":{"line":153,"column":22},"end":{"line":153,"column":31}},"50":{"start":{"line":154,"column":25},"end":{"line":154,"column":33}},"51":{"start":{"line":156,"column":2},"end":{"line":156,"column":103}},"52":{"start":{"line":156,"column":16},"end":{"line":156,"column":103}},"53":{"start":{"line":158,"column":15},"end":{"line":158,"column":29}},"54":{"start":{"line":160,"column":2},"end":{"line":169,"column":null}},"55":{"start":{"line":161,"column":19},"end":{"line":164,"column":28}},"56":{"start":{"line":166,"column":4},"end":{"line":166,"column":112}},"57":{"start":{"line":168,"column":4},"end":{"line":168,"column":54}},"58":{"start":{"line":179,"column":23},"end":{"line":192,"column":2}},"59":{"start":{"line":179,"column":61},"end":{"line":192,"column":2}},"60":{"start":{"line":180,"column":20},"end":{"line":180,"column":29}},"61":{"start":{"line":182,"column":2},"end":{"line":191,"column":null}},"62":{"start":{"line":183,"column":19},"end":{"line":186,"column":29}},"63":{"start":{"line":188,"column":4},"end":{"line":188,"column":111}},"64":{"start":{"line":190,"column":4},"end":{"line":190,"column":54}},"65":{"start":{"line":194,"column":0},"end":{"line":194,"column":136}}},"fnMap":{"0":{"name":"(anonymous_8)","decl":{"start":{"line":12,"column":22},"end":{"line":12,"column":29}},"loc":{"start":{"line":12,"column":60},"end":{"line":19,"column":2}}},"1":{"name":"(anonymous_9)","decl":{"start":{"line":12,"column":60},"end":{"line":12,"column":null}},"loc":{"start":{"line":12,"column":60},"end":{"line":19,"column":1}}},"2":{"name":"(anonymous_10)","decl":{"start":{"line":34,"column":22},"end":{"line":34,"column":29}},"loc":{"start":{"line":34,"column":60},"end":{"line":52,"column":2}}},"3":{"name":"(anonymous_11)","decl":{"start":{"line":34,"column":60},"end":{"line":34,"column":null}},"loc":{"start":{"line":34,"column":60},"end":{"line":52,"column":1}}},"4":{"name":"(anonymous_12)","decl":{"start":{"line":60,"column":27},"end":{"line":60,"column":34}},"loc":{"start":{"line":60,"column":65},"end":{"line":82,"column":2}}},"5":{"name":"(anonymous_13)","decl":{"start":{"line":60,"column":65},"end":{"line":60,"column":null}},"loc":{"start":{"line":60,"column":65},"end":{"line":82,"column":1}}},"6":{"name":"(anonymous_14)","decl":{"start":{"line":97,"column":25},"end":{"line":97,"column":32}},"loc":{"start":{"line":97,"column":63},"end":{"line":115,"column":2}}},"7":{"name":"(anonymous_15)","decl":{"start":{"line":97,"column":63},"end":{"line":97,"column":null}},"loc":{"start":{"line":97,"column":63},"end":{"line":115,"column":1}}},"8":{"name":"(anonymous_16)","decl":{"start":{"line":124,"column":25},"end":{"line":124,"column":32}},"loc":{"start":{"line":124,"column":63},"end":{"line":137,"column":2}}},"9":{"name":"(anonymous_17)","decl":{"start":{"line":124,"column":63},"end":{"line":124,"column":null}},"loc":{"start":{"line":124,"column":63},"end":{"line":137,"column":1}}},"10":{"name":"(anonymous_18)","decl":{"start":{"line":152,"column":23},"end":{"line":152,"column":30}},"loc":{"start":{"line":152,"column":61},"end":{"line":170,"column":2}}},"11":{"name":"(anonymous_19)","decl":{"start":{"line":152,"column":61},"end":{"line":152,"column":null}},"loc":{"start":{"line":152,"column":61},"end":{"line":170,"column":1}}},"12":{"name":"(anonymous_20)","decl":{"start":{"line":179,"column":23},"end":{"line":179,"column":30}},"loc":{"start":{"line":179,"column":61},"end":{"line":192,"column":2}}},"13":{"name":"(anonymous_21)","decl":{"start":{"line":179,"column":61},"end":{"line":179,"column":null}},"loc":{"start":{"line":179,"column":61},"end":{"line":192,"column":1}}}},"branchMap":{"0":{"loc":{"start":{"line":38,"column":2},"end":{"line":38,"column":103}},"type":"if","locations":[{"start":{"line":38,"column":2},"end":{"line":38,"column":103}}]},"1":{"loc":{"start":{"line":64,"column":2},"end":{"line":64,"column":115}},"type":"if","locations":[{"start":{"line":64,"column":2},"end":{"line":64,"column":115}}]},"2":{"loc":{"start":{"line":68,"column":6},"end":{"line":76,"column":35}},"type":"cond-expr","locations":[{"start":{"line":69,"column":10},"end":{"line":72,"column":35}},{"start":{"line":73,"column":10},"end":{"line":76,"column":35}}]},"3":{"loc":{"start":{"line":101,"column":2},"end":{"line":101,"column":103}},"type":"if","locations":[{"start":{"line":101,"column":2},"end":{"line":101,"column":103}}]},"4":{"loc":{"start":{"line":156,"column":2},"end":{"line":156,"column":103}},"type":"if","locations":[{"start":{"line":156,"column":2},"end":{"line":156,"column":103}}]}},"s":{"0":1,"1":1,"2":1,"3":0,"4":0,"5":0,"6":0,"7":0,"8":1,"9":0,"10":0,"11":0,"12":0,"13":0,"14":0,"15":0,"16":0,"17":0,"18":0,"19":1,"20":0,"21":0,"22":0,"23":0,"24":0,"25":0,"26":0,"27":0,"28":0,"29":1,"30":0,"31":0,"32":0,"33":0,"34":0,"35":0,"36":0,"37":0,"38":0,"39":0,"40":1,"41":0,"42":0,"43":0,"44":0,"45":0,"46":0,"47":1,"48":0,"49":0,"50":0,"51":0,"52":0,"53":0,"54":0,"55":0,"56":0,"57":0,"58":1,"59":0,"60":0,"61":0,"62":0,"63":0,"64":0,"65":1},"f":{"0":0,"1":0,"2":0,"3":0,"4":0,"5":0,"6":0,"7":0,"8":0,"9":0,"10":0,"11":0,"12":0,"13":0},"b":{"0":[0],"1":[0],"2":[0,0],"3":[0],"4":[0]}}
,"/Users/user/Documents/Personal_Projects/stack_overflow-lite/src/controllers/questions.ts": {"path":"/Users/user/Documents/Personal_Projects/stack_overflow-lite/src/controllers/questions.ts","statementMap":{"0":{"start":{"line":1,"column":0},"end":{"line":1,"column":30}},"1":{"start":{"line":4,"column":0},"end":{"line":4,"column":55}},"2":{"start":{"line":5,"column":0},"end":{"line":5,"column":52}},"3":{"start":{"line":6,"column":0},"end":{"line":6,"column":44}},"4":{"start":{"line":9,"column":15},"end":{"line":22,"column":2}},"5":{"start":{"line":9,"column":63},"end":{"line":22,"column":2}},"6":{"start":{"line":10,"column":19},"end":{"line":10,"column":22}},"7":{"start":{"line":11,"column":23},"end":{"line":11,"column":31}},"8":{"start":{"line":12,"column":2},"end":{"line":12,"column":87}},"9":{"start":{"line":12,"column":13},"end":{"line":12,"column":87}},"10":{"start":{"line":14,"column":2},"end":{"line":21,"column":null}},"11":{"start":{"line":15,"column":24},"end":{"line":15,"column":92}},"12":{"start":{"line":17,"column":4},"end":{"line":17,"column":103}},"13":{"start":{"line":19,"column":4},"end":{"line":19,"column":23}},"14":{"start":{"line":20,"column":4},"end":{"line":20,"column":47}},"15":{"start":{"line":24,"column":23},"end":{"line":40,"column":2}},"16":{"start":{"line":24,"column":71},"end":{"line":40,"column":2}},"17":{"start":{"line":25,"column":19},"end":{"line":25,"column":22}},"18":{"start":{"line":26,"column":25},"end":{"line":26,"column":33}},"19":{"start":{"line":28,"column":2},"end":{"line":28,"column":103}},"20":{"start":{"line":28,"column":19},"end":{"line":28,"column":103}},"21":{"start":{"line":29,"column":2},"end":{"line":39,"column":null}},"22":{"start":{"line":30,"column":24},"end":{"line":30,"column":79}},"23":{"start":{"line":31,"column":4},"end":{"line":31,"column":116}},"24":{"start":{"line":31,"column":22},"end":{"line":31,"column":116}},"25":{"start":{"line":33,"column":4},"end":{"line":33,"column":58}},"26":{"start":{"line":35,"column":4},"end":{"line":35,"column":89}},"27":{"start":{"line":37,"column":4},"end":{"line":37,"column":23}},"28":{"start":{"line":38,"column":4},"end":{"line":38,"column":47}},"29":{"start":{"line":42,"column":23},"end":{"line":63,"column":2}},"30":{"start":{"line":42,"column":71},"end":{"line":63,"column":2}},"31":{"start":{"line":43,"column":25},"end":{"line":43,"column":28}},"32":{"start":{"line":44,"column":31},"end":{"line":44,"column":39}},"33":{"start":{"line":45,"column":2},"end":{"line":45,"column":89}},"34":{"start":{"line":45,"column":13},"end":{"line":45,"column":89}},"35":{"start":{"line":47,"column":21},"end":{"line":47,"column":43}},"36":{"start":{"line":48,"column":2},"end":{"line":48,"column":100}},"37":{"start":{"line":48,"column":34},"end":{"line":48,"column":100}},"38":{"start":{"line":50,"column":2},"end":{"line":62,"column":null}},"39":{"start":{"line":51,"column":24},"end":{"line":51,"column":79}},"40":{"start":{"line":52,"column":4},"end":{"line":52,"column":116}},"41":{"start":{"line":52,"column":22},"end":{"line":52,"column":116}},"42":{"start":{"line":55,"column":15},"end":{"line":55,"column":33}},"43":{"start":{"line":56,"column":46},"end":{"line":56,"column":202}},"44":{"start":{"line":58,"column":4},"end":{"line":58,"column":84}},"45":{"start":{"line":60,"column":4},"end":{"line":60,"column":23}},"46":{"start":{"line":61,"column":4},"end":{"line":61,"column":47}},"47":{"start":{"line":65,"column":23},"end":{"line":83,"column":2}},"48":{"start":{"line":65,"column":71},"end":{"line":83,"column":2}},"49":{"start":{"line":66,"column":19},"end":{"line":66,"column":22}},"50":{"start":{"line":67,"column":25},"end":{"line":67,"column":34}},"51":{"start":{"line":68,"column":2},"end":{"line":68,"column":89}},"52":{"start":{"line":68,"column":13},"end":{"line":68,"column":89}},"53":{"start":{"line":70,"column":2},"end":{"line":70,"column":103}},"54":{"start":{"line":70,"column":19},"end":{"line":70,"column":103}},"55":{"start":{"line":72,"column":2},"end":{"line":82,"column":null}},"56":{"start":{"line":73,"column":24},"end":{"line":73,"column":79}},"57":{"start":{"line":74,"column":4},"end":{"line":74,"column":116}},"58":{"start":{"line":74,"column":22},"end":{"line":74,"column":116}},"59":{"start":{"line":76,"column":27},"end":{"line":76,"column":84}},"60":{"start":{"line":78,"column":4},"end":{"line":78,"column":108}},"61":{"start":{"line":80,"column":4},"end":{"line":80,"column":23}},"62":{"start":{"line":81,"column":4},"end":{"line":81,"column":47}},"63":{"start":{"line":85,"column":0},"end":{"line":90,"column":2}}},"fnMap":{"0":{"name":"(anonymous_8)","decl":{"start":{"line":9,"column":15},"end":{"line":9,"column":22}},"loc":{"start":{"line":9,"column":63},"end":{"line":22,"column":2}}},"1":{"name":"(anonymous_9)","decl":{"start":{"line":9,"column":63},"end":{"line":9,"column":null}},"loc":{"start":{"line":9,"column":63},"end":{"line":22,"column":1}}},"2":{"name":"(anonymous_10)","decl":{"start":{"line":24,"column":23},"end":{"line":24,"column":30}},"loc":{"start":{"line":24,"column":71},"end":{"line":40,"column":2}}},"3":{"name":"(anonymous_11)","decl":{"start":{"line":24,"column":71},"end":{"line":24,"column":null}},"loc":{"start":{"line":24,"column":71},"end":{"line":40,"column":1}}},"4":{"name":"(anonymous_12)","decl":{"start":{"line":42,"column":23},"end":{"line":42,"column":30}},"loc":{"start":{"line":42,"column":71},"end":{"line":63,"column":2}}},"5":{"name":"(anonymous_13)","decl":{"start":{"line":42,"column":71},"end":{"line":42,"column":null}},"loc":{"start":{"line":42,"column":71},"end":{"line":63,"column":1}}},"6":{"name":"(anonymous_14)","decl":{"start":{"line":65,"column":23},"end":{"line":65,"column":30}},"loc":{"start":{"line":65,"column":71},"end":{"line":83,"column":2}}},"7":{"name":"(anonymous_15)","decl":{"start":{"line":65,"column":71},"end":{"line":65,"column":null}},"loc":{"start":{"line":65,"column":71},"end":{"line":83,"column":1}}}},"branchMap":{"0":{"loc":{"start":{"line":12,"column":2},"end":{"line":12,"column":87}},"type":"if","locations":[{"start":{"line":12,"column":2},"end":{"line":12,"column":87}}]},"1":{"loc":{"start":{"line":28,"column":2},"end":{"line":28,"column":103}},"type":"if","locations":[{"start":{"line":28,"column":2},"end":{"line":28,"column":103}}]},"2":{"loc":{"start":{"line":31,"column":4},"end":{"line":31,"column":116}},"type":"if","locations":[{"start":{"line":31,"column":4},"end":{"line":31,"column":116}}]},"3":{"loc":{"start":{"line":45,"column":2},"end":{"line":45,"column":89}},"type":"if","locations":[{"start":{"line":45,"column":2},"end":{"line":45,"column":89}}]},"4":{"loc":{"start":{"line":48,"column":2},"end":{"line":48,"column":100}},"type":"if","locations":[{"start":{"line":48,"column":2},"end":{"line":48,"column":100}}]},"5":{"loc":{"start":{"line":52,"column":4},"end":{"line":52,"column":116}},"type":"if","locations":[{"start":{"line":52,"column":4},"end":{"line":52,"column":116}}]},"6":{"loc":{"start":{"line":68,"column":2},"end":{"line":68,"column":89}},"type":"if","locations":[{"start":{"line":68,"column":2},"end":{"line":68,"column":89}}]},"7":{"loc":{"start":{"line":70,"column":2},"end":{"line":70,"column":103}},"type":"if","locations":[{"start":{"line":70,"column":2},"end":{"line":70,"column":103}}]},"8":{"loc":{"start":{"line":74,"column":4},"end":{"line":74,"column":116}},"type":"if","locations":[{"start":{"line":74,"column":4},"end":{"line":74,"column":116}}]}},"s":{"0":1,"1":1,"2":1,"3":1,"4":1,"5":0,"6":0,"7":0,"8":0,"9":0,"10":0,"11":0,"12":0,"13":0,"14":0,"15":1,"16":0,"17":0,"18":0,"19":0,"20":0,"21":0,"22":0,"23":0,"24":0,"25":0,"26":0,"27":0,"28":0,"29":1,"30":0,"31":0,"32":0,"33":0,"34":0,"35":0,"36":0,"37":0,"38":0,"39":0,"40":0,"41":0,"42":0,"43":0,"44":0,"45":0,"46":0,"47":1,"48":0,"49":0,"50":0,"51":0,"52":0,"53":0,"54":0,"55":0,"56":0,"57":0,"58":0,"59":0,"60":0,"61":0,"62":0,"63":1},"f":{"0":0,"1":0,"2":0,"3":0,"4":0,"5":0,"6":0,"7":0},"b":{"0":[0],"1":[0],"2":[0],"3":[0],"4":[0],"5":[0],"6":[0],"7":[0],"8":[0]}}
,"/Users/user/Documents/Personal_Projects/stack_overflow-lite/src/controllers/users.ts": {"path":"/Users/user/Documents/Personal_Projects/stack_overflow-lite/src/controllers/users.ts","statementMap":{"0":{"start":{"line":3,"column":0},"end":{"line":3,"column":44}},"1":{"start":{"line":4,"column":0},"end":{"line":4,"column":55}},"2":{"start":{"line":5,"column":0},"end":{"line":5,"column":28}},"3":{"start":{"line":6,"column":0},"end":{"line":6,"column":28}},"4":{"start":{"line":7,"column":0},"end":{"line":7,"column":31}},"5":{"start":{"line":8,"column":0},"end":{"line":8,"column":37}},"6":{"start":{"line":9,"column":0},"end":{"line":9,"column":46}},"7":{"start":{"line":20,"column":28},"end":{"line":36,"column":2}},"8":{"start":{"line":20,"column":76},"end":{"line":36,"column":2}},"9":{"start":{"line":21,"column":19},"end":{"line":21,"column":22}},"10":{"start":{"line":22,"column":20},"end":{"line":22,"column":28}},"11":{"start":{"line":24,"column":2},"end":{"line":35,"column":null}},"12":{"start":{"line":26,"column":25},"end":{"line":26,"column":64}},"13":{"start":{"line":27,"column":4},"end":{"line":27,"column":111}},"14":{"start":{"line":27,"column":22},"end":{"line":27,"column":111}},"15":{"start":{"line":29,"column":24},"end":{"line":29,"column":92}},"16":{"start":{"line":30,"column":21},"end":{"line":30,"column":66}},"17":{"start":{"line":32,"column":4},"end":{"line":32,"column":95}},"18":{"start":{"line":34,"column":4},"end":{"line":34,"column":47}},"19":{"start":{"line":45,"column":15},"end":{"line":73,"column":2}},"20":{"start":{"line":45,"column":63},"end":{"line":73,"column":2}},"21":{"start":{"line":46,"column":25},"end":{"line":46,"column":28}},"22":{"start":{"line":48,"column":25},"end":{"line":48,"column":106}},"23":{"start":{"line":49,"column":2},"end":{"line":51,"column":null}},"24":{"start":{"line":50,"column":4},"end":{"line":50,"column":92}},"25":{"start":{"line":54,"column":19},"end":{"line":54,"column":74}},"26":{"start":{"line":55,"column":25},"end":{"line":55,"column":55}},"27":{"start":{"line":57,"column":2},"end":{"line":60,"column":null}},"28":{"start":{"line":58,"column":4},"end":{"line":58,"column":80}},"29":{"start":{"line":59,"column":4},"end":{"line":59,"column":120}},"30":{"start":{"line":62,"column":2},"end":{"line":72,"column":null}},"31":{"start":{"line":64,"column":39},"end":{"line":64,"column":131}},"32":{"start":{"line":66,"column":4},"end":{"line":66,"column":117}},"33":{"start":{"line":66,"column":15},"end":{"line":66,"column":117}},"34":{"start":{"line":68,"column":4},"end":{"line":68,"column":106}},"35":{"start":{"line":71,"column":4},"end":{"line":71,"column":47}},"36":{"start":{"line":82,"column":14},"end":{"line":105,"column":2}},"37":{"start":{"line":82,"column":62},"end":{"line":105,"column":2}},"38":{"start":{"line":83,"column":19},"end":{"line":83,"column":22}},"39":{"start":{"line":85,"column":2},"end":{"line":104,"column":null}},"40":{"start":{"line":86,"column":23},"end":{"line":86,"column":74}},"41":{"start":{"line":87,"column":4},"end":{"line":87,"column":116}},"42":{"start":{"line":87,"column":21},"end":{"line":87,"column":116}},"43":{"start":{"line":90,"column":26},"end":{"line":90,"column":80}},"44":{"start":{"line":91,"column":4},"end":{"line":91,"column":112}},"45":{"start":{"line":91,"column":24},"end":{"line":91,"column":112}},"46":{"start":{"line":94,"column":18},"end":{"line":96,"column":6}},"47":{"start":{"line":99,"column":26},"end":{"line":99,"column":53}},"48":{"start":{"line":101,"column":4},"end":{"line":101,"column":106}},"49":{"start":{"line":103,"column":4},"end":{"line":103,"column":47}},"50":{"start":{"line":113,"column":23},"end":{"line":139,"column":2}},"51":{"start":{"line":113,"column":71},"end":{"line":139,"column":2}},"52":{"start":{"line":114,"column":19},"end":{"line":114,"column":22}},"53":{"start":{"line":115,"column":20},"end":{"line":115,"column":28}},"54":{"start":{"line":117,"column":2},"end":{"line":138,"column":null}},"55":{"start":{"line":118,"column":23},"end":{"line":118,"column":62}},"56":{"start":{"line":119,"column":4},"end":{"line":119,"column":116}},"57":{"start":{"line":119,"column":21},"end":{"line":119,"column":116}},"58":{"start":{"line":122,"column":18},"end":{"line":122,"column":69}},"59":{"start":{"line":123,"column":31},"end":{"line":123,"column":79}},"60":{"start":{"line":126,"column":21},"end":{"line":126,"column":106}},"61":{"start":{"line":129,"column":20},"end":{"line":129,"column":128}},"62":{"start":{"line":132,"column":4},"end":{"line":132,"column":88}},"63":{"start":{"line":134,"column":4},"end":{"line":134,"column":89}},"64":{"start":{"line":136,"column":4},"end":{"line":136,"column":23}},"65":{"start":{"line":137,"column":4},"end":{"line":137,"column":47}},"66":{"start":{"line":141,"column":22},"end":{"line":163,"column":2}},"67":{"start":{"line":141,"column":70},"end":{"line":163,"column":2}},"68":{"start":{"line":142,"column":19},"end":{"line":142,"column":22}},"69":{"start":{"line":143,"column":40},"end":{"line":143,"column":48}},"70":{"start":{"line":144,"column":20},"end":{"line":144,"column":30}},"71":{"start":{"line":146,"column":2},"end":{"line":162,"column":null}},"72":{"start":{"line":147,"column":22},"end":{"line":147,"column":61}},"73":{"start":{"line":148,"column":4},"end":{"line":148,"column":87}},"74":{"start":{"line":148,"column":20},"end":{"line":148,"column":87}},"75":{"start":{"line":151,"column":4},"end":{"line":151,"column":114}},"76":{"start":{"line":151,"column":38},"end":{"line":151,"column":114}},"77":{"start":{"line":154,"column":20},"end":{"line":154,"column":76}},"78":{"start":{"line":156,"column":42},"end":{"line":156,"column":216}},"79":{"start":{"line":158,"column":4},"end":{"line":158,"column":82}},"80":{"start":{"line":160,"column":4},"end":{"line":160,"column":23}},"81":{"start":{"line":161,"column":4},"end":{"line":161,"column":47}},"82":{"start":{"line":165,"column":0},"end":{"line":171,"column":2}}},"fnMap":{"0":{"name":"(anonymous_8)","decl":{"start":{"line":20,"column":28},"end":{"line":20,"column":35}},"loc":{"start":{"line":20,"column":76},"end":{"line":36,"column":2}}},"1":{"name":"(anonymous_9)","decl":{"start":{"line":20,"column":76},"end":{"line":20,"column":null}},"loc":{"start":{"line":20,"column":76},"end":{"line":36,"column":1}}},"2":{"name":"(anonymous_10)","decl":{"start":{"line":45,"column":15},"end":{"line":45,"column":22}},"loc":{"start":{"line":45,"column":63},"end":{"line":73,"column":2}}},"3":{"name":"(anonymous_11)","decl":{"start":{"line":45,"column":63},"end":{"line":45,"column":null}},"loc":{"start":{"line":45,"column":63},"end":{"line":73,"column":1}}},"4":{"name":"(anonymous_12)","decl":{"start":{"line":82,"column":14},"end":{"line":82,"column":21}},"loc":{"start":{"line":82,"column":62},"end":{"line":105,"column":2}}},"5":{"name":"(anonymous_13)","decl":{"start":{"line":82,"column":62},"end":{"line":82,"column":null}},"loc":{"start":{"line":82,"column":62},"end":{"line":105,"column":1}}},"6":{"name":"(anonymous_14)","decl":{"start":{"line":113,"column":23},"end":{"line":113,"column":30}},"loc":{"start":{"line":113,"column":71},"end":{"line":139,"column":2}}},"7":{"name":"(anonymous_15)","decl":{"start":{"line":113,"column":71},"end":{"line":113,"column":null}},"loc":{"start":{"line":113,"column":71},"end":{"line":139,"column":1}}},"8":{"name":"(anonymous_16)","decl":{"start":{"line":141,"column":22},"end":{"line":141,"column":29}},"loc":{"start":{"line":141,"column":70},"end":{"line":163,"column":2}}},"9":{"name":"(anonymous_17)","decl":{"start":{"line":141,"column":70},"end":{"line":141,"column":null}},"loc":{"start":{"line":141,"column":70},"end":{"line":163,"column":1}}}},"branchMap":{"0":{"loc":{"start":{"line":27,"column":4},"end":{"line":27,"column":111}},"type":"if","locations":[{"start":{"line":27,"column":4},"end":{"line":27,"column":111}}]},"1":{"loc":{"start":{"line":49,"column":2},"end":{"line":51,"column":null}},"type":"if","locations":[{"start":{"line":49,"column":2},"end":{"line":51,"column":null}}]},"2":{"loc":{"start":{"line":57,"column":2},"end":{"line":60,"column":null}},"type":"if","locations":[{"start":{"line":57,"column":2},"end":{"line":60,"column":null}}]},"3":{"loc":{"start":{"line":66,"column":4},"end":{"line":66,"column":117}},"type":"if","locations":[{"start":{"line":66,"column":4},"end":{"line":66,"column":117}}]},"4":{"loc":{"start":{"line":87,"column":4},"end":{"line":87,"column":116}},"type":"if","locations":[{"start":{"line":87,"column":4},"end":{"line":87,"column":116}}]},"5":{"loc":{"start":{"line":91,"column":4},"end":{"line":91,"column":112}},"type":"if","locations":[{"start":{"line":91,"column":4},"end":{"line":91,"column":112}}]},"6":{"loc":{"start":{"line":119,"column":4},"end":{"line":119,"column":116}},"type":"if","locations":[{"start":{"line":119,"column":4},"end":{"line":119,"column":116}}]},"7":{"loc":{"start":{"line":148,"column":4},"end":{"line":148,"column":87}},"type":"if","locations":[{"start":{"line":148,"column":4},"end":{"line":148,"column":87}}]},"8":{"loc":{"start":{"line":151,"column":4},"end":{"line":151,"column":114}},"type":"if","locations":[{"start":{"line":151,"column":4},"end":{"line":151,"column":114}}]},"9":{"loc":{"start":{"line":156,"column":195},"end":{"line":156,"column":211}},"type":"cond-expr","locations":[{"start":{"line":156,"column":204},"end":{"line":156,"column":206}},{"start":{"line":156,"column":195},"end":{"line":156,"column":211}}]},"10":{"loc":{"start":{"line":156,"column":195},"end":{"line":156,"column":206}},"type":"binary-expr","locations":[{"start":{"line":156,"column":195},"end":{"line":156,"column":206}},{"start":{"line":156,"column":195},"end":{"line":156,"column":206}}]}},"s":{"0":1,"1":1,"2":1,"3":1,"4":1,"5":1,"6":1,"7":1,"8":0,"9":0,"10":0,"11":0,"12":0,"13":0,"14":0,"15":0,"16":0,"17":0,"18":0,"19":1,"20":0,"21":0,"22":0,"23":0,"24":0,"25":0,"26":0,"27":0,"28":0,"29":0,"30":0,"31":0,"32":0,"33":0,"34":0,"35":0,"36":1,"37":0,"38":0,"39":0,"40":0,"41":0,"42":0,"43":0,"44":0,"45":0,"46":0,"47":0,"48":0,"49":0,"50":1,"51":0,"52":0,"53":0,"54":0,"55":0,"56":0,"57":0,"58":0,"59":0,"60":0,"61":0,"62":0,"63":0,"64":0,"65":0,"66":1,"67":0,"68":0,"69":0,"70":0,"71":0,"72":0,"73":0,"74":0,"75":0,"76":0,"77":0,"78":0,"79":0,"80":0,"81":0,"82":1},"f":{"0":0,"1":0,"2":0,"3":0,"4":0,"5":0,"6":0,"7":0,"8":0,"9":0},"b":{"0":[0],"1":[0],"2":[0],"3":[0],"4":[0],"5":[0],"6":[0],"7":[0],"8":[0],"9":[0,0],"10":[0,0]}}
,"/Users/user/Documents/Personal_Projects/stack_overflow-lite/src/middlewares/answers.ts": {"path":"/Users/user/Documents/Personal_Projects/stack_overflow-lite/src/middlewares/answers.ts","statementMap":{"0":{"start":{"line":2,"column":0},"end":{"line":2,"column":22}},"1":{"start":{"line":3,"column":0},"end":{"line":3,"column":55}},"2":{"start":{"line":6,"column":29},"end":{"line":26,"column":2}},"3":{"start":{"line":6,"column":97},"end":{"line":26,"column":2}},"4":{"start":{"line":7,"column":18},"end":{"line":7,"column":26}},"5":{"start":{"line":9,"column":2},"end":{"line":25,"column":null}},"6":{"start":{"line":10,"column":19},"end":{"line":13,"column":6}},"7":{"start":{"line":15,"column":29},"end":{"line":15,"column":53}},"8":{"start":{"line":17,"column":4},"end":{"line":19,"column":null}},"9":{"start":{"line":18,"column":6},"end":{"line":18,"column":71}},"10":{"start":{"line":21,"column":4},"end":{"line":21,"column":21}},"11":{"start":{"line":22,"column":4},"end":{"line":22,"column":18}},"12":{"start":{"line":24,"column":4},"end":{"line":24,"column":17}},"13":{"start":{"line":28,"column":23},"end":{"line":47,"column":2}},"14":{"start":{"line":28,"column":91},"end":{"line":47,"column":2}},"15":{"start":{"line":29,"column":18},"end":{"line":29,"column":26}},"16":{"start":{"line":31,"column":2},"end":{"line":46,"column":null}},"17":{"start":{"line":32,"column":19},"end":{"line":34,"column":6}},"18":{"start":{"line":36,"column":29},"end":{"line":36,"column":53}},"19":{"start":{"line":38,"column":4},"end":{"line":40,"column":null}},"20":{"start":{"line":39,"column":6},"end":{"line":39,"column":71}},"21":{"start":{"line":42,"column":4},"end":{"line":42,"column":21}},"22":{"start":{"line":43,"column":4},"end":{"line":43,"column":18}},"23":{"start":{"line":45,"column":4},"end":{"line":45,"column":17}},"24":{"start":{"line":49,"column":0},"end":{"line":52,"column":2}}},"fnMap":{"0":{"name":"(anonymous_8)","decl":{"start":{"line":6,"column":29},"end":{"line":6,"column":36}},"loc":{"start":{"line":6,"column":97},"end":{"line":26,"column":2}}},"1":{"name":"(anonymous_9)","decl":{"start":{"line":6,"column":97},"end":{"line":6,"column":null}},"loc":{"start":{"line":6,"column":97},"end":{"line":26,"column":1}}},"2":{"name":"(anonymous_10)","decl":{"start":{"line":28,"column":23},"end":{"line":28,"column":30}},"loc":{"start":{"line":28,"column":91},"end":{"line":47,"column":2}}},"3":{"name":"(anonymous_11)","decl":{"start":{"line":28,"column":91},"end":{"line":28,"column":null}},"loc":{"start":{"line":28,"column":91},"end":{"line":47,"column":1}}}},"branchMap":{"0":{"loc":{"start":{"line":17,"column":4},"end":{"line":19,"column":null}},"type":"if","locations":[{"start":{"line":17,"column":4},"end":{"line":19,"column":null}}]},"1":{"loc":{"start":{"line":38,"column":4},"end":{"line":40,"column":null}},"type":"if","locations":[{"start":{"line":38,"column":4},"end":{"line":40,"column":null}}]}},"s":{"0":1,"1":1,"2":1,"3":0,"4":0,"5":0,"6":0,"7":0,"8":0,"9":0,"10":0,"11":0,"12":0,"13":1,"14":0,"15":0,"16":0,"17":0,"18":0,"19":0,"20":0,"21":0,"22":0,"23":0,"24":1},"f":{"0":0,"1":0,"2":0,"3":0},"b":{"0":[0],"1":[0]}}
,"/Users/user/Documents/Personal_Projects/stack_overflow-lite/src/middlewares/questions.ts": {"path":"/Users/user/Documents/Personal_Projects/stack_overflow-lite/src/middlewares/questions.ts","statementMap":{"0":{"start":{"line":2,"column":0},"end":{"line":2,"column":22}},"1":{"start":{"line":3,"column":0},"end":{"line":3,"column":55}},"2":{"start":{"line":6,"column":31},"end":{"line":25,"column":2}},"3":{"start":{"line":6,"column":99},"end":{"line":25,"column":2}},"4":{"start":{"line":7,"column":18},"end":{"line":7,"column":26}},"5":{"start":{"line":9,"column":2},"end":{"line":24,"column":null}},"6":{"start":{"line":10,"column":19},"end":{"line":12,"column":6}},"7":{"start":{"line":14,"column":29},"end":{"line":14,"column":53}},"8":{"start":{"line":16,"column":4},"end":{"line":18,"column":null}},"9":{"start":{"line":17,"column":6},"end":{"line":17,"column":71}},"10":{"start":{"line":20,"column":4},"end":{"line":20,"column":21}},"11":{"start":{"line":21,"column":4},"end":{"line":21,"column":18}},"12":{"start":{"line":23,"column":4},"end":{"line":23,"column":17}},"13":{"start":{"line":27,"column":0},"end":{"line":29,"column":2}}},"fnMap":{"0":{"name":"(anonymous_8)","decl":{"start":{"line":6,"column":31},"end":{"line":6,"column":38}},"loc":{"start":{"line":6,"column":99},"end":{"line":25,"column":2}}},"1":{"name":"(anonymous_9)","decl":{"start":{"line":6,"column":99},"end":{"line":6,"column":null}},"loc":{"start":{"line":6,"column":99},"end":{"line":25,"column":1}}}},"branchMap":{"0":{"loc":{"start":{"line":16,"column":4},"end":{"line":18,"column":null}},"type":"if","locations":[{"start":{"line":16,"column":4},"end":{"line":18,"column":null}}]}},"s":{"0":1,"1":1,"2":1,"3":0,"4":0,"5":0,"6":0,"7":0,"8":0,"9":0,"10":0,"11":0,"12":0,"13":1},"f":{"0":0,"1":0},"b":{"0":[0]}}
,"/Users/user/Documents/Personal_Projects/stack_overflow-lite/src/middlewares/users.ts": {"path":"/Users/user/Documents/Personal_Projects/stack_overflow-lite/src/middlewares/users.ts","statementMap":{"0":{"start":{"line":2,"column":0},"end":{"line":2,"column":22}},"1":{"start":{"line":3,"column":0},"end":{"line":3,"column":55}},"2":{"start":{"line":5,"column":0},"end":{"line":5,"column":44}},"3":{"start":{"line":6,"column":0},"end":{"line":6,"column":28}},"4":{"start":{"line":7,"column":0},"end":{"line":7,"column":31}},"5":{"start":{"line":10,"column":24},"end":{"line":27,"column":2}},"6":{"start":{"line":10,"column":92},"end":{"line":27,"column":2}},"7":{"start":{"line":11,"column":18},"end":{"line":11,"column":26}},"8":{"start":{"line":13,"column":2},"end":{"line":26,"column":null}},"9":{"start":{"line":14,"column":19},"end":{"line":16,"column":6}},"10":{"start":{"line":17,"column":29},"end":{"line":17,"column":53}},"11":{"start":{"line":18,"column":4},"end":{"line":20,"column":null}},"12":{"start":{"line":19,"column":6},"end":{"line":19,"column":71}},"13":{"start":{"line":22,"column":4},"end":{"line":22,"column":21}},"14":{"start":{"line":23,"column":4},"end":{"line":23,"column":18}},"15":{"start":{"line":25,"column":4},"end":{"line":25,"column":17}},"16":{"start":{"line":29,"column":25},"end":{"line":59,"column":2}},"17":{"start":{"line":29,"column":93},"end":{"line":59,"column":2}},"18":{"start":{"line":30,"column":18},"end":{"line":30,"column":26}},"19":{"start":{"line":32,"column":21},"end":{"line":32,"column":34}},"20":{"start":{"line":33,"column":21},"end":{"line":33,"column":95}},"21":{"start":{"line":35,"column":2},"end":{"line":58,"column":null}},"22":{"start":{"line":36,"column":19},"end":{"line":46,"column":6}},"23":{"start":{"line":48,"column":29},"end":{"line":48,"column":53}},"24":{"start":{"line":50,"column":4},"end":{"line":52,"column":null}},"25":{"start":{"line":51,"column":6},"end":{"line":51,"column":71}},"26":{"start":{"line":54,"column":4},"end":{"line":54,"column":21}},"27":{"start":{"line":55,"column":4},"end":{"line":55,"column":18}},"28":{"start":{"line":57,"column":4},"end":{"line":57,"column":17}},"29":{"start":{"line":61,"column":29},"end":{"line":78,"column":2}},"30":{"start":{"line":61,"column":97},"end":{"line":78,"column":2}},"31":{"start":{"line":62,"column":27},"end":{"line":62,"column":35}},"32":{"start":{"line":64,"column":2},"end":{"line":77,"column":null}},"33":{"start":{"line":65,"column":20},"end":{"line":65,"column":78}},"34":{"start":{"line":66,"column":4},"end":{"line":68,"column":null}},"35":{"start":{"line":67,"column":6},"end":{"line":67,"column":116}},"36":{"start":{"line":71,"column":4},"end":{"line":71,"column":63}},"37":{"start":{"line":73,"column":4},"end":{"line":73,"column":23}},"38":{"start":{"line":74,"column":4},"end":{"line":74,"column":18}},"39":{"start":{"line":76,"column":4},"end":{"line":76,"column":17}},"40":{"start":{"line":80,"column":26},"end":{"line":97,"column":2}},"41":{"start":{"line":80,"column":94},"end":{"line":97,"column":2}},"42":{"start":{"line":81,"column":18},"end":{"line":81,"column":26}},"43":{"start":{"line":83,"column":2},"end":{"line":96,"column":null}},"44":{"start":{"line":84,"column":19},"end":{"line":87,"column":6}},"45":{"start":{"line":89,"column":29},"end":{"line":89,"column":53}},"46":{"start":{"line":91,"column":4},"end":{"line":91,"column":80}},"47":{"start":{"line":91,"column":15},"end":{"line":91,"column":80}},"48":{"start":{"line":92,"column":4},"end":{"line":92,"column":21}},"49":{"start":{"line":93,"column":4},"end":{"line":93,"column":18}},"50":{"start":{"line":95,"column":4},"end":{"line":95,"column":17}},"51":{"start":{"line":99,"column":25},"end":{"line":122,"column":2}},"52":{"start":{"line":99,"column":93},"end":{"line":122,"column":2}},"53":{"start":{"line":100,"column":28},"end":{"line":100,"column":39}},"54":{"start":{"line":103,"column":2},"end":{"line":121,"column":null}},"55":{"start":{"line":104,"column":18},"end":{"line":104,"column":101}},"56":{"start":{"line":105,"column":4},"end":{"line":105,"column":140}},"57":{"start":{"line":105,"column":57},"end":{"line":105,"column":140}},"58":{"start":{"line":108,"column":20},"end":{"line":108,"column":67}},"59":{"start":{"line":109,"column":4},"end":{"line":109,"column":84}},"60":{"start":{"line":109,"column":18},"end":{"line":109,"column":84}},"61":{"start":{"line":111,"column":23},"end":{"line":111,"column":53}},"62":{"start":{"line":113,"column":18},"end":{"line":113,"column":46}},"63":{"start":{"line":114,"column":17},"end":{"line":114,"column":44}},"64":{"start":{"line":116,"column":4},"end":{"line":116,"column":23}},"65":{"start":{"line":117,"column":4},"end":{"line":117,"column":22}},"66":{"start":{"line":118,"column":4},"end":{"line":118,"column":18}},"67":{"start":{"line":120,"column":4},"end":{"line":120,"column":21}},"68":{"start":{"line":124,"column":32},"end":{"line":142,"column":2}},"69":{"start":{"line":124,"column":100},"end":{"line":142,"column":2}},"70":{"start":{"line":125,"column":18},"end":{"line":125,"column":26}},"71":{"start":{"line":127,"column":2},"end":{"line":141,"column":null}},"72":{"start":{"line":128,"column":19},"end":{"line":131,"column":6}},"73":{"start":{"line":132,"column":29},"end":{"line":132,"column":53}},"74":{"start":{"line":133,"column":4},"end":{"line":135,"column":null}},"75":{"start":{"line":134,"column":6},"end":{"line":134,"column":71}},"76":{"start":{"line":137,"column":4},"end":{"line":137,"column":21}},"77":{"start":{"line":138,"column":4},"end":{"line":138,"column":18}},"78":{"start":{"line":140,"column":4},"end":{"line":140,"column":17}},"79":{"start":{"line":144,"column":0},"end":{"line":151,"column":2}}},"fnMap":{"0":{"name":"(anonymous_8)","decl":{"start":{"line":10,"column":24},"end":{"line":10,"column":31}},"loc":{"start":{"line":10,"column":92},"end":{"line":27,"column":2}}},"1":{"name":"(anonymous_9)","decl":{"start":{"line":10,"column":92},"end":{"line":10,"column":null}},"loc":{"start":{"line":10,"column":92},"end":{"line":27,"column":1}}},"2":{"name":"(anonymous_10)","decl":{"start":{"line":29,"column":25},"end":{"line":29,"column":32}},"loc":{"start":{"line":29,"column":93},"end":{"line":59,"column":2}}},"3":{"name":"(anonymous_11)","decl":{"start":{"line":29,"column":93},"end":{"line":29,"column":null}},"loc":{"start":{"line":29,"column":93},"end":{"line":59,"column":1}}},"4":{"name":"(anonymous_12)","decl":{"start":{"line":61,"column":29},"end":{"line":61,"column":36}},"loc":{"start":{"line":61,"column":97},"end":{"line":78,"column":2}}},"5":{"name":"(anonymous_13)","decl":{"start":{"line":61,"column":97},"end":{"line":61,"column":null}},"loc":{"start":{"line":61,"column":97},"end":{"line":78,"column":1}}},"6":{"name":"(anonymous_14)","decl":{"start":{"line":80,"column":26},"end":{"line":80,"column":33}},"loc":{"start":{"line":80,"column":94},"end":{"line":97,"column":2}}},"7":{"name":"(anonymous_15)","decl":{"start":{"line":80,"column":94},"end":{"line":80,"column":null}},"loc":{"start":{"line":80,"column":94},"end":{"line":97,"column":1}}},"8":{"name":"(anonymous_16)","decl":{"start":{"line":99,"column":25},"end":{"line":99,"column":32}},"loc":{"start":{"line":99,"column":93},"end":{"line":122,"column":2}}},"9":{"name":"(anonymous_17)","decl":{"start":{"line":99,"column":93},"end":{"line":99,"column":null}},"loc":{"start":{"line":99,"column":93},"end":{"line":122,"column":1}}},"10":{"name":"(anonymous_18)","decl":{"start":{"line":124,"column":32},"end":{"line":124,"column":39}},"loc":{"start":{"line":124,"column":100},"end":{"line":142,"column":2}}},"11":{"name":"(anonymous_19)","decl":{"start":{"line":124,"column":100},"end":{"line":124,"column":null}},"loc":{"start":{"line":124,"column":100},"end":{"line":142,"column":1}}}},"branchMap":{"0":{"loc":{"start":{"line":18,"column":4},"end":{"line":20,"column":null}},"type":"if","locations":[{"start":{"line":18,"column":4},"end":{"line":20,"column":null}}]},"1":{"loc":{"start":{"line":50,"column":4},"end":{"line":52,"column":null}},"type":"if","locations":[{"start":{"line":50,"column":4},"end":{"line":52,"column":null}}]},"2":{"loc":{"start":{"line":66,"column":4},"end":{"line":68,"column":null}},"type":"if","locations":[{"start":{"line":66,"column":4},"end":{"line":68,"column":null}}]},"3":{"loc":{"start":{"line":91,"column":4},"end":{"line":91,"column":80}},"type":"if","locations":[{"start":{"line":91,"column":4},"end":{"line":91,"column":80}}]},"4":{"loc":{"start":{"line":105,"column":4},"end":{"line":105,"column":140}},"type":"if","locations":[{"start":{"line":105,"column":4},"end":{"line":105,"column":140}}]},"5":{"loc":{"start":{"line":105,"column":8},"end":{"line":105,"column":55}},"type":"binary-expr","locations":[{"start":{"line":105,"column":8},"end":{"line":105,"column":22}},{"start":{"line":105,"column":26},"end":{"line":105,"column":37}},{"start":{"line":105,"column":41},"end":{"line":105,"column":55}}]},"6":{"loc":{"start":{"line":109,"column":4},"end":{"line":109,"column":84}},"type":"if","locations":[{"start":{"line":109,"column":4},"end":{"line":109,"column":84}}]},"7":{"loc":{"start":{"line":111,"column":23},"end":{"line":111,"column":53}},"type":"cond-expr","locations":[{"start":{"line":111,"column":41},"end":{"line":111,"column":43}},{"start":{"line":111,"column":41},"end":{"line":111,"column":53}}]},"8":{"loc":{"start":{"line":111,"column":23},"end":{"line":111,"column":43}},"type":"binary-expr","locations":[{"start":{"line":111,"column":23},"end":{"line":111,"column":43}},{"start":{"line":111,"column":41},"end":{"line":111,"column":43}}]},"9":{"loc":{"start":{"line":111,"column":23},"end":{"line":111,"column":41}},"type":"cond-expr","locations":[{"start":{"line":111,"column":30},"end":{"line":111,"column":32}},{"start":{"line":111,"column":23},"end":{"line":111,"column":41}}]},"10":{"loc":{"start":{"line":111,"column":23},"end":{"line":111,"column":32}},"type":"binary-expr","locations":[{"start":{"line":111,"column":23},"end":{"line":111,"column":32}},{"start":{"line":111,"column":23},"end":{"line":111,"column":32}}]},"11":{"loc":{"start":{"line":133,"column":4},"end":{"line":135,"column":null}},"type":"if","locations":[{"start":{"line":133,"column":4},"end":{"line":135,"column":null}}]}},"s":{"0":1,"1":1,"2":1,"3":1,"4":1,"5":1,"6":0,"7":0,"8":0,"9":0,"10":0,"11":0,"12":0,"13":0,"14":0,"15":0,"16":1,"17":0,"18":0,"19":0,"20":0,"21":0,"22":0,"23":0,"24":0,"25":0,"26":0,"27":0,"28":0,"29":1,"30":0,"31":0,"32":0,"33":0,"34":0,"35":0,"36":0,"37":0,"38":0,"39":0,"40":1,"41":0,"42":0,"43":0,"44":0,"45":0,"46":0,"47":0,"48":0,"49":0,"50":0,"51":1,"52":0,"53":0,"54":0,"55":0,"56":0,"57":0,"58":0,"59":0,"60":0,"61":0,"62":0,"63":0,"64":0,"65":0,"66":0,"67":0,"68":1,"69":0,"70":0,"71":0,"72":0,"73":0,"74":0,"75":0,"76":0,"77":0,"78":0,"79":1},"f":{"0":0,"1":0,"2":0,"3":0,"4":0,"5":0,"6":0,"7":0,"8":0,"9":0,"10":0,"11":0},"b":{"0":[0],"1":[0],"2":[0],"3":[0],"4":[0],"5":[0,0,0],"6":[0],"7":[0,0],"8":[0,0],"9":[0,0],"10":[0,0],"11":[0]}}
,"/Users/user/Documents/Personal_Projects/stack_overflow-lite/src/models/activation-codes.ts": {"path":"/Users/user/Documents/Personal_Projects/stack_overflow-lite/src/models/activation-codes.ts","statementMap":{"0":{"start":{"line":2,"column":0},"end":{"line":2,"column":55}},"1":{"start":{"line":3,"column":0},"end":{"line":3,"column":41}},"2":{"start":{"line":25,"column":4},"end":{"line":27,"column":7}},"3":{"start":{"line":31,"column":0},"end":{"line":51,"column":2}},"4":{"start":{"line":53,"column":0},"end":{"line":53,"column":20}}},"fnMap":{"0":{"name":"(anonymous_1)","decl":{"start":{"line":23,"column":2},"end":{"line":23,"column":8}},"loc":{"start":{"line":23,"column":30},"end":{"line":28,"column":3}}}},"branchMap":{},"s":{"0":1,"1":1,"2":0,"3":1,"4":1},"f":{"0":0},"b":{}}
,"/Users/user/Documents/Personal_Projects/stack_overflow-lite/src/models/answers.ts": {"path":"/Users/user/Documents/Personal_Projects/stack_overflow-lite/src/models/answers.ts","statementMap":{"0":{"start":{"line":2,"column":0},"end":{"line":2,"column":55}},"1":{"start":{"line":3,"column":0},"end":{"line":3,"column":41}},"2":{"start":{"line":30,"column":4},"end":{"line":33,"column":7}},"3":{"start":{"line":35,"column":4},"end":{"line":38,"column":7}},"4":{"start":{"line":40,"column":4},"end":{"line":45,"column":7}},"5":{"start":{"line":47,"column":4},"end":{"line":52,"column":7}},"6":{"start":{"line":56,"column":0},"end":{"line":93,"column":2}},"7":{"start":{"line":95,"column":0},"end":{"line":95,"column":22}}},"fnMap":{"0":{"name":"(anonymous_1)","decl":{"start":{"line":28,"column":2},"end":{"line":28,"column":8}},"loc":{"start":{"line":28,"column":30},"end":{"line":53,"column":3}}}},"branchMap":{},"s":{"0":1,"1":1,"2":0,"3":0,"4":0,"5":0,"6":1,"7":1},"f":{"0":0},"b":{}}
,"/Users/user/Documents/Personal_Projects/stack_overflow-lite/src/models/forgot-password.ts": {"path":"/Users/user/Documents/Personal_Projects/stack_overflow-lite/src/models/forgot-password.ts","statementMap":{"0":{"start":{"line":2,"column":0},"end":{"line":2,"column":55}},"1":{"start":{"line":3,"column":0},"end":{"line":3,"column":41}},"2":{"start":{"line":25,"column":4},"end":{"line":27,"column":7}},"3":{"start":{"line":31,"column":0},"end":{"line":51,"column":2}},"4":{"start":{"line":53,"column":0},"end":{"line":53,"column":29}}},"fnMap":{"0":{"name":"(anonymous_1)","decl":{"start":{"line":23,"column":2},"end":{"line":23,"column":8}},"loc":{"start":{"line":23,"column":30},"end":{"line":28,"column":3}}}},"branchMap":{},"s":{"0":1,"1":1,"2":0,"3":1,"4":1},"f":{"0":0},"b":{}}
,"/Users/user/Documents/Personal_Projects/stack_overflow-lite/src/models/index.ts": {"path":"/Users/user/Documents/Personal_Projects/stack_overflow-lite/src/models/index.ts","statementMap":{"0":{"start":{"line":1,"column":0},"end":{"line":1,"column":27}},"1":{"start":{"line":2,"column":0},"end":{"line":2,"column":35}},"2":{"start":{"line":3,"column":0},"end":{"line":3,"column":31}},"3":{"start":{"line":4,"column":0},"end":{"line":4,"column":43}},"4":{"start":{"line":5,"column":0},"end":{"line":5,"column":38}},"5":{"start":{"line":6,"column":0},"end":{"line":6,"column":46}},"6":{"start":{"line":7,"column":0},"end":{"line":7,"column":43}},"7":{"start":{"line":8,"column":0},"end":{"line":8,"column":39}},"8":{"start":{"line":10,"column":0},"end":{"line":10,"column":103}}},"fnMap":{},"branchMap":{},"s":{"0":1,"1":1,"2":1,"3":1,"4":1,"5":1,"6":1,"7":1,"8":1},"f":{},"b":{}}
,"/Users/user/Documents/Personal_Projects/stack_overflow-lite/src/models/questions.ts": {"path":"/Users/user/Documents/Personal_Projects/stack_overflow-lite/src/models/questions.ts","statementMap":{"0":{"start":{"line":2,"column":0},"end":{"line":2,"column":55}},"1":{"start":{"line":3,"column":0},"end":{"line":3,"column":41}},"2":{"start":{"line":28,"column":4},"end":{"line":31,"column":7}},"3":{"start":{"line":33,"column":4},"end":{"line":36,"column":7}},"4":{"start":{"line":38,"column":4},"end":{"line":43,"column":7}},"5":{"start":{"line":45,"column":4},"end":{"line":50,"column":7}},"6":{"start":{"line":54,"column":0},"end":{"line":87,"column":2}},"7":{"start":{"line":89,"column":0},"end":{"line":89,"column":24}}},"fnMap":{"0":{"name":"(anonymous_1)","decl":{"start":{"line":26,"column":2},"end":{"line":26,"column":8}},"loc":{"start":{"line":26,"column":30},"end":{"line":51,"column":3}}}},"branchMap":{},"s":{"0":1,"1":1,"2":0,"3":0,"4":0,"5":0,"6":1,"7":1},"f":{"0":0},"b":{}}
,"/Users/user/Documents/Personal_Projects/stack_overflow-lite/src/models/subscriptions.ts": {"path":"/Users/user/Documents/Personal_Projects/stack_overflow-lite/src/models/subscriptions.ts","statementMap":{"0":{"start":{"line":2,"column":0},"end":{"line":2,"column":55}},"1":{"start":{"line":3,"column":0},"end":{"line":3,"column":41}},"2":{"start":{"line":21,"column":0},"end":{"line":42,"column":2}},"3":{"start":{"line":44,"column":0},"end":{"line":44,"column":28}}},"fnMap":{},"branchMap":{},"s":{"0":1,"1":1,"2":1,"3":1},"f":{},"b":{}}
,"/Users/user/Documents/Personal_Projects/stack_overflow-lite/src/models/users.ts": {"path":"/Users/user/Documents/Personal_Projects/stack_overflow-lite/src/models/users.ts","statementMap":{"0":{"start":{"line":2,"column":0},"end":{"line":2,"column":55}},"1":{"start":{"line":3,"column":0},"end":{"line":3,"column":41}},"2":{"start":{"line":38,"column":4},"end":{"line":41,"column":7}},"3":{"start":{"line":43,"column":4},"end":{"line":46,"column":7}},"4":{"start":{"line":48,"column":4},"end":{"line":53,"column":7}},"5":{"start":{"line":55,"column":4},"end":{"line":60,"column":7}},"6":{"start":{"line":62,"column":4},"end":{"line":67,"column":7}},"7":{"start":{"line":71,"column":0},"end":{"line":122,"column":2}},"8":{"start":{"line":124,"column":0},"end":{"line":124,"column":20}}},"fnMap":{"0":{"name":"(anonymous_1)","decl":{"start":{"line":36,"column":2},"end":{"line":36,"column":8}},"loc":{"start":{"line":36,"column":30},"end":{"line":68,"column":3}}}},"branchMap":{},"s":{"0":1,"1":1,"2":0,"3":0,"4":0,"5":0,"6":0,"7":1,"8":1},"f":{"0":0},"b":{}}
,"/Users/user/Documents/Personal_Projects/stack_overflow-lite/src/models/vote-answer.ts": {"path":"/Users/user/Documents/Personal_Projects/stack_overflow-lite/src/models/vote-answer.ts","statementMap":{"0":{"start":{"line":2,"column":0},"end":{"line":2,"column":55}},"1":{"start":{"line":3,"column":0},"end":{"line":3,"column":41}},"2":{"start":{"line":21,"column":0},"end":{"line":42,"column":2}},"3":{"start":{"line":44,"column":0},"end":{"line":44,"column":26}}},"fnMap":{},"branchMap":{},"s":{"0":1,"1":1,"2":1,"3":1},"f":{},"b":{}}
,"/Users/user/Documents/Personal_Projects/stack_overflow-lite/src/models/vote-question.ts": {"path":"/Users/user/Documents/Personal_Projects/stack_overflow-lite/src/models/vote-question.ts","statementMap":{"0":{"start":{"line":2,"column":0},"end":{"line":2,"column":55}},"1":{"start":{"line":3,"column":0},"end":{"line":3,"column":41}},"2":{"start":{"line":21,"column":0},"end":{"line":42,"column":2}},"3":{"start":{"line":44,"column":0},"end":{"line":44,"column":28}}},"fnMap":{},"branchMap":{},"s":{"0":1,"1":1,"2":1,"3":1},"f":{},"b":{}}
,"/Users/user/Documents/Personal_Projects/stack_overflow-lite/src/queries/answers.ts": {"path":"/Users/user/Documents/Personal_Projects/stack_overflow-lite/src/queries/answers.ts","statementMap":{"0":{"start":{"line":1,"column":0},"end":{"line":1,"column":31}},"1":{"start":{"line":2,"column":0},"end":{"line":2,"column":41}},"2":{"start":{"line":5,"column":21},"end":{"line":7,"column":2}},"3":{"start":{"line":5,"column":41},"end":{"line":7,"column":2}},"4":{"start":{"line":6,"column":2},"end":{"line":6,"column":42}},"5":{"start":{"line":9,"column":21},"end":{"line":11,"column":2}},"6":{"start":{"line":9,"column":53},"end":{"line":11,"column":2}},"7":{"start":{"line":10,"column":2},"end":{"line":10,"column":53}},"8":{"start":{"line":13,"column":19},"end":{"line":15,"column":2}},"9":{"start":{"line":13,"column":40},"end":{"line":15,"column":2}},"10":{"start":{"line":14,"column":2},"end":{"line":14,"column":48}},"11":{"start":{"line":17,"column":25},"end":{"line":19,"column":2}},"12":{"start":{"line":17,"column":52},"end":{"line":19,"column":2}},"13":{"start":{"line":18,"column":2},"end":{"line":18,"column":82}},"14":{"start":{"line":21,"column":19},"end":{"line":30,"column":2}},"15":{"start":{"line":21,"column":71},"end":{"line":30,"column":2}},"16":{"start":{"line":22,"column":2},"end":{"line":29,"column":null}},"17":{"start":{"line":23,"column":4},"end":{"line":26,"column":7}},"18":{"start":{"line":23,"column":64},"end":{"line":26,"column":6}},"19":{"start":{"line":24,"column":6},"end":{"line":24,"column":63}},"20":{"start":{"line":25,"column":6},"end":{"line":25,"column":181}},"21":{"start":{"line":28,"column":4},"end":{"line":28,"column":21}},"22":{"start":{"line":32,"column":0},"end":{"line":38,"column":2}}},"fnMap":{"0":{"name":"(anonymous_8)","decl":{"start":{"line":5,"column":21},"end":{"line":5,"column":28}},"loc":{"start":{"line":5,"column":41},"end":{"line":7,"column":2}}},"1":{"name":"(anonymous_9)","decl":{"start":{"line":5,"column":41},"end":{"line":5,"column":null}},"loc":{"start":{"line":5,"column":41},"end":{"line":7,"column":1}}},"2":{"name":"(anonymous_10)","decl":{"start":{"line":9,"column":21},"end":{"line":9,"column":28}},"loc":{"start":{"line":9,"column":53},"end":{"line":11,"column":2}}},"3":{"name":"(anonymous_11)","decl":{"start":{"line":9,"column":53},"end":{"line":9,"column":null}},"loc":{"start":{"line":9,"column":53},"end":{"line":11,"column":1}}},"4":{"name":"(anonymous_12)","decl":{"start":{"line":13,"column":19},"end":{"line":13,"column":26}},"loc":{"start":{"line":13,"column":40},"end":{"line":15,"column":2}}},"5":{"name":"(anonymous_13)","decl":{"start":{"line":13,"column":40},"end":{"line":13,"column":null}},"loc":{"start":{"line":13,"column":40},"end":{"line":15,"column":1}}},"6":{"name":"(anonymous_14)","decl":{"start":{"line":17,"column":25},"end":{"line":17,"column":32}},"loc":{"start":{"line":17,"column":52},"end":{"line":19,"column":2}}},"7":{"name":"(anonymous_15)","decl":{"start":{"line":17,"column":52},"end":{"line":17,"column":null}},"loc":{"start":{"line":17,"column":52},"end":{"line":19,"column":1}}},"8":{"name":"(anonymous_16)","decl":{"start":{"line":21,"column":19},"end":{"line":21,"column":26}},"loc":{"start":{"line":21,"column":71},"end":{"line":30,"column":2}}},"9":{"name":"(anonymous_17)","decl":{"start":{"line":21,"column":71},"end":{"line":21,"column":null}},"loc":{"start":{"line":21,"column":71},"end":{"line":30,"column":1}}},"10":{"name":"(anonymous_18)","decl":{"start":{"line":23,"column":39},"end":{"line":23,"column":46}},"loc":{"start":{"line":23,"column":64},"end":{"line":26,"column":6}}},"11":{"name":"(anonymous_19)","decl":{"start":{"line":23,"column":64},"end":{"line":23,"column":null}},"loc":{"start":{"line":23,"column":64},"end":{"line":26,"column":5}}}},"branchMap":{"0":{"loc":{"start":{"line":25,"column":6},"end":{"line":25,"column":180}},"type":"cond-expr","locations":[{"start":{"line":25,"column":27},"end":{"line":25,"column":103}},{"start":{"line":25,"column":106},"end":{"line":25,"column":180}}]}},"s":{"0":1,"1":1,"2":1,"3":0,"4":0,"5":1,"6":0,"7":0,"8":1,"9":0,"10":0,"11":1,"12":0,"13":0,"14":1,"15":0,"16":0,"17":0,"18":0,"19":0,"20":0,"21":0,"22":1},"f":{"0":0,"1":0,"2":0,"3":0,"4":0,"5":0,"6":0,"7":0,"8":0,"9":0,"10":0,"11":0},"b":{"0":[0,0]}}
,"/Users/user/Documents/Personal_Projects/stack_overflow-lite/src/queries/questions.ts": {"path":"/Users/user/Documents/Personal_Projects/stack_overflow-lite/src/queries/questions.ts","statementMap":{"0":{"start":{"line":2,"column":0},"end":{"line":2,"column":41}},"1":{"start":{"line":3,"column":0},"end":{"line":3,"column":37}},"2":{"start":{"line":5,"column":23},"end":{"line":7,"column":2}},"3":{"start":{"line":5,"column":43},"end":{"line":7,"column":2}},"4":{"start":{"line":6,"column":2},"end":{"line":6,"column":44}},"5":{"start":{"line":9,"column":21},"end":{"line":11,"column":2}},"6":{"start":{"line":9,"column":42},"end":{"line":11,"column":2}},"7":{"start":{"line":10,"column":2},"end":{"line":10,"column":46}},"8":{"start":{"line":13,"column":27},"end":{"line":15,"column":2}},"9":{"start":{"line":13,"column":56},"end":{"line":15,"column":2}},"10":{"start":{"line":14,"column":2},"end":{"line":14,"column":86}},"11":{"start":{"line":17,"column":21},"end":{"line":26,"column":2}},"12":{"start":{"line":17,"column":75},"end":{"line":26,"column":2}},"13":{"start":{"line":18,"column":2},"end":{"line":25,"column":null}},"14":{"start":{"line":19,"column":4},"end":{"line":22,"column":7}},"15":{"start":{"line":19,"column":64},"end":{"line":22,"column":6}},"16":{"start":{"line":20,"column":6},"end":{"line":20,"column":65}},"17":{"start":{"line":21,"column":6},"end":{"line":21,"column":189}},"18":{"start":{"line":24,"column":4},"end":{"line":24,"column":21}},"19":{"start":{"line":28,"column":0},"end":{"line":33,"column":2}}},"fnMap":{"0":{"name":"(anonymous_8)","decl":{"start":{"line":5,"column":23},"end":{"line":5,"column":30}},"loc":{"start":{"line":5,"column":43},"end":{"line":7,"column":2}}},"1":{"name":"(anonymous_9)","decl":{"start":{"line":5,"column":43},"end":{"line":5,"column":null}},"loc":{"start":{"line":5,"column":43},"end":{"line":7,"column":1}}},"2":{"name":"(anonymous_10)","decl":{"start":{"line":9,"column":21},"end":{"line":9,"column":28}},"loc":{"start":{"line":9,"column":42},"end":{"line":11,"column":2}}},"3":{"name":"(anonymous_11)","decl":{"start":{"line":9,"column":42},"end":{"line":9,"column":null}},"loc":{"start":{"line":9,"column":42},"end":{"line":11,"column":1}}},"4":{"name":"(anonymous_12)","decl":{"start":{"line":13,"column":27},"end":{"line":13,"column":34}},"loc":{"start":{"line":13,"column":56},"end":{"line":15,"column":2}}},"5":{"name":"(anonymous_13)","decl":{"start":{"line":13,"column":56},"end":{"line":13,"column":null}},"loc":{"start":{"line":13,"column":56},"end":{"line":15,"column":1}}},"6":{"name":"(anonymous_14)","decl":{"start":{"line":17,"column":21},"end":{"line":17,"column":28}},"loc":{"start":{"line":17,"column":75},"end":{"line":26,"column":2}}},"7":{"name":"(anonymous_15)","decl":{"start":{"line":17,"column":75},"end":{"line":17,"column":null}},"loc":{"start":{"line":17,"column":75},"end":{"line":26,"column":1}}},"8":{"name":"(anonymous_16)","decl":{"start":{"line":19,"column":39},"end":{"line":19,"column":46}},"loc":{"start":{"line":19,"column":64},"end":{"line":22,"column":6}}},"9":{"name":"(anonymous_17)","decl":{"start":{"line":19,"column":64},"end":{"line":19,"column":null}},"loc":{"start":{"line":19,"column":64},"end":{"line":22,"column":5}}}},"branchMap":{"0":{"loc":{"start":{"line":21,"column":6},"end":{"line":21,"column":188}},"type":"cond-expr","locations":[{"start":{"line":21,"column":27},"end":{"line":21,"column":107}},{"start":{"line":21,"column":110},"end":{"line":21,"column":188}}]}},"s":{"0":1,"1":1,"2":1,"3":0,"4":0,"5":1,"6":0,"7":0,"8":1,"9":0,"10":0,"11":1,"12":0,"13":0,"14":0,"15":0,"16":0,"17":0,"18":0,"19":1},"f":{"0":0,"1":0,"2":0,"3":0,"4":0,"5":0,"6":0,"7":0,"8":0,"9":0},"b":{"0":[0,0]}}
,"/Users/user/Documents/Personal_Projects/stack_overflow-lite/src/queries/users.ts": {"path":"/Users/user/Documents/Personal_Projects/stack_overflow-lite/src/queries/users.ts","statementMap":{"0":{"start":{"line":1,"column":0},"end":{"line":1,"column":37}},"1":{"start":{"line":3,"column":0},"end":{"line":3,"column":41}},"2":{"start":{"line":7,"column":30},"end":{"line":9,"column":2}},"3":{"start":{"line":7,"column":51},"end":{"line":9,"column":2}},"4":{"start":{"line":8,"column":2},"end":{"line":8,"column":46}},"5":{"start":{"line":11,"column":18},"end":{"line":13,"column":2}},"6":{"start":{"line":11,"column":70},"end":{"line":13,"column":2}},"7":{"start":{"line":12,"column":2},"end":{"line":12,"column":46}},"8":{"start":{"line":15,"column":28},"end":{"line":17,"column":2}},"9":{"start":{"line":15,"column":86},"end":{"line":17,"column":2}},"10":{"start":{"line":16,"column":2},"end":{"line":16,"column":46}},"11":{"start":{"line":19,"column":22},"end":{"line":21,"column":2}},"12":{"start":{"line":19,"column":43},"end":{"line":21,"column":2}},"13":{"start":{"line":20,"column":2},"end":{"line":20,"column":46}},"14":{"start":{"line":23,"column":33},"end":{"line":35,"column":2}},"15":{"start":{"line":23,"column":75},"end":{"line":35,"column":2}},"16":{"start":{"line":24,"column":2},"end":{"line":34,"column":null}},"17":{"start":{"line":25,"column":28},"end":{"line":30,"column":6}},"18":{"start":{"line":25,"column":81},"end":{"line":30,"column":6}},"19":{"start":{"line":26,"column":29},"end":{"line":26,"column":79}},"20":{"start":{"line":27,"column":6},"end":{"line":27,"column":43}},"21":{"start":{"line":29,"column":6},"end":{"line":29,"column":28}},"22":{"start":{"line":31,"column":4},"end":{"line":31,"column":31}},"23":{"start":{"line":33,"column":4},"end":{"line":33,"column":21}},"24":{"start":{"line":37,"column":22},"end":{"line":39,"column":2}},"25":{"start":{"line":37,"column":42},"end":{"line":39,"column":2}},"26":{"start":{"line":38,"column":2},"end":{"line":38,"column":40}},"27":{"start":{"line":41,"column":20},"end":{"line":43,"column":2}},"28":{"start":{"line":41,"column":40},"end":{"line":43,"column":2}},"29":{"start":{"line":42,"column":2},"end":{"line":42,"column":49}},"30":{"start":{"line":45,"column":18},"end":{"line":47,"column":2}},"31":{"start":{"line":45,"column":39},"end":{"line":47,"column":2}},"32":{"start":{"line":46,"column":2},"end":{"line":46,"column":55}},"33":{"start":{"line":49,"column":23},"end":{"line":51,"column":2}},"34":{"start":{"line":49,"column":55},"end":{"line":51,"column":2}},"35":{"start":{"line":50,"column":2},"end":{"line":50,"column":51}},"36":{"start":{"line":53,"column":20},"end":{"line":55,"column":2}},"37":{"start":{"line":53,"column":41},"end":{"line":55,"column":2}},"38":{"start":{"line":54,"column":2},"end":{"line":54,"column":55}},"39":{"start":{"line":57,"column":17},"end":{"line":59,"column":2}},"40":{"start":{"line":57,"column":38},"end":{"line":59,"column":2}},"41":{"start":{"line":58,"column":2},"end":{"line":58,"column":46}},"42":{"start":{"line":61,"column":27},"end":{"line":63,"column":2}},"43":{"start":{"line":61,"column":66},"end":{"line":63,"column":2}},"44":{"start":{"line":62,"column":2},"end":{"line":62,"column":180}},"45":{"start":{"line":65,"column":0},"end":{"line":78,"column":2}}},"fnMap":{"0":{"name":"(anonymous_8)","decl":{"start":{"line":7,"column":30},"end":{"line":7,"column":37}},"loc":{"start":{"line":7,"column":51},"end":{"line":9,"column":2}}},"1":{"name":"(anonymous_9)","decl":{"start":{"line":7,"column":51},"end":{"line":7,"column":null}},"loc":{"start":{"line":7,"column":51},"end":{"line":9,"column":1}}},"2":{"name":"(anonymous_10)","decl":{"start":{"line":11,"column":18},"end":{"line":11,"column":25}},"loc":{"start":{"line":11,"column":70},"end":{"line":13,"column":2}}},"3":{"name":"(anonymous_11)","decl":{"start":{"line":11,"column":70},"end":{"line":11,"column":null}},"loc":{"start":{"line":11,"column":70},"end":{"line":13,"column":1}}},"4":{"name":"(anonymous_12)","decl":{"start":{"line":15,"column":28},"end":{"line":15,"column":35}},"loc":{"start":{"line":15,"column":86},"end":{"line":17,"column":2}}},"5":{"name":"(anonymous_13)","decl":{"start":{"line":15,"column":86},"end":{"line":15,"column":null}},"loc":{"start":{"line":15,"column":86},"end":{"line":17,"column":1}}},"6":{"name":"(anonymous_14)","decl":{"start":{"line":19,"column":22},"end":{"line":19,"column":29}},"loc":{"start":{"line":19,"column":43},"end":{"line":21,"column":2}}},"7":{"name":"(anonymous_15)","decl":{"start":{"line":19,"column":43},"end":{"line":19,"column":null}},"loc":{"start":{"line":19,"column":43},"end":{"line":21,"column":1}}},"8":{"name":"(anonymous_16)","decl":{"start":{"line":23,"column":33},"end":{"line":23,"column":40}},"loc":{"start":{"line":23,"column":75},"end":{"line":35,"column":2}}},"9":{"name":"(anonymous_17)","decl":{"start":{"line":23,"column":75},"end":{"line":23,"column":null}},"loc":{"start":{"line":23,"column":75},"end":{"line":35,"column":1}}},"10":{"name":"(anonymous_18)","decl":{"start":{"line":25,"column":56},"end":{"line":25,"column":63}},"loc":{"start":{"line":25,"column":81},"end":{"line":30,"column":6}}},"11":{"name":"(anonymous_19)","decl":{"start":{"line":25,"column":81},"end":{"line":25,"column":null}},"loc":{"start":{"line":25,"column":81},"end":{"line":30,"column":5}}},"12":{"name":"(anonymous_20)","decl":{"start":{"line":37,"column":22},"end":{"line":37,"column":29}},"loc":{"start":{"line":37,"column":42},"end":{"line":39,"column":2}}},"13":{"name":"(anonymous_21)","decl":{"start":{"line":37,"column":42},"end":{"line":37,"column":null}},"loc":{"start":{"line":37,"column":42},"end":{"line":39,"column":1}}},"14":{"name":"(anonymous_22)","decl":{"start":{"line":41,"column":20},"end":{"line":41,"column":27}},"loc":{"start":{"line":41,"column":40},"end":{"line":43,"column":2}}},"15":{"name":"(anonymous_23)","decl":{"start":{"line":41,"column":40},"end":{"line":41,"column":null}},"loc":{"start":{"line":41,"column":40},"end":{"line":43,"column":1}}},"16":{"name":"(anonymous_24)","decl":{"start":{"line":45,"column":18},"end":{"line":45,"column":25}},"loc":{"start":{"line":45,"column":39},"end":{"line":47,"column":2}}},"17":{"name":"(anonymous_25)","decl":{"start":{"line":45,"column":39},"end":{"line":45,"column":null}},"loc":{"start":{"line":45,"column":39},"end":{"line":47,"column":1}}},"18":{"name":"(anonymous_26)","decl":{"start":{"line":49,"column":23},"end":{"line":49,"column":30}},"loc":{"start":{"line":49,"column":55},"end":{"line":51,"column":2}}},"19":{"name":"(anonymous_27)","decl":{"start":{"line":49,"column":55},"end":{"line":49,"column":null}},"loc":{"start":{"line":49,"column":55},"end":{"line":51,"column":1}}},"20":{"name":"(anonymous_28)","decl":{"start":{"line":53,"column":20},"end":{"line":53,"column":27}},"loc":{"start":{"line":53,"column":41},"end":{"line":55,"column":2}}},"21":{"name":"(anonymous_29)","decl":{"start":{"line":53,"column":41},"end":{"line":53,"column":null}},"loc":{"start":{"line":53,"column":41},"end":{"line":55,"column":1}}},"22":{"name":"(anonymous_30)","decl":{"start":{"line":57,"column":17},"end":{"line":57,"column":24}},"loc":{"start":{"line":57,"column":38},"end":{"line":59,"column":2}}},"23":{"name":"(anonymous_31)","decl":{"start":{"line":57,"column":38},"end":{"line":57,"column":null}},"loc":{"start":{"line":57,"column":38},"end":{"line":59,"column":1}}},"24":{"name":"(anonymous_32)","decl":{"start":{"line":61,"column":27},"end":{"line":61,"column":34}},"loc":{"start":{"line":61,"column":66},"end":{"line":63,"column":2}}},"25":{"name":"(anonymous_33)","decl":{"start":{"line":61,"column":66},"end":{"line":61,"column":null}},"loc":{"start":{"line":61,"column":66},"end":{"line":63,"column":1}}}},"branchMap":{"0":{"loc":{"start":{"line":62,"column":9},"end":{"line":62,"column":179}},"type":"cond-expr","locations":[{"start":{"line":62,"column":30},"end":{"line":62,"column":103}},{"start":{"line":62,"column":106},"end":{"line":62,"column":179}}]}},"s":{"0":1,"1":1,"2":1,"3":0,"4":0,"5":1,"6":0,"7":0,"8":1,"9":0,"10":0,"11":1,"12":0,"13":0,"14":1,"15":0,"16":0,"17":0,"18":0,"19":0,"20":0,"21":0,"22":0,"23":0,"24":1,"25":0,"26":0,"27":1,"28":0,"29":0,"30":1,"31":0,"32":0,"33":1,"34":0,"35":0,"36":1,"37":0,"38":0,"39":1,"40":0,"41":0,"42":1,"43":0,"44":0,"45":1},"f":{"0":0,"1":0,"2":0,"3":0,"4":0,"5":0,"6":0,"7":0,"8":0,"9":0,"10":0,"11":0,"12":0,"13":0,"14":0,"15":0,"16":0,"17":0,"18":0,"19":0,"20":0,"21":0,"22":0,"23":0,"24":0,"25":0},"b":{"0":[0,0]}}
,"/Users/user/Documents/Personal_Projects/stack_overflow-lite/src/routes/answers.ts": {"path":"/Users/user/Documents/Personal_Projects/stack_overflow-lite/src/routes/answers.ts","statementMap":{"0":{"start":{"line":1,"column":0},"end":{"line":1,"column":33}},"1":{"start":{"line":2,"column":0},"end":{"line":2,"column":52}},"2":{"start":{"line":3,"column":0},"end":{"line":3,"column":55}},"3":{"start":{"line":4,"column":0},"end":{"line":4,"column":56}},"4":{"start":{"line":6,"column":22},"end":{"line":6,"column":30}},"5":{"start":{"line":8,"column":0},"end":{"line":8,"column":132}},"6":{"start":{"line":10,"column":0},"end":{"line":10,"column":109}},"7":{"start":{"line":12,"column":0},"end":{"line":12,"column":102}},"8":{"start":{"line":14,"column":0},"end":{"line":14,"column":105}},"9":{"start":{"line":16,"column":0},"end":{"line":16,"column":29}}},"fnMap":{},"branchMap":{},"s":{"0":1,"1":1,"2":1,"3":1,"4":1,"5":1,"6":1,"7":1,"8":1,"9":1},"f":{},"b":{}}
,"/Users/user/Documents/Personal_Projects/stack_overflow-lite/src/routes/esRequests.ts": {"path":"/Users/user/Documents/Personal_Projects/stack_overflow-lite/src/routes/esRequests.ts","statementMap":{"0":{"start":{"line":1,"column":0},"end":{"line":1,"column":33}},"1":{"start":{"line":2,"column":0},"end":{"line":2,"column":53}},"2":{"start":{"line":4,"column":17},"end":{"line":4,"column":25}},"3":{"start":{"line":6,"column":0},"end":{"line":6,"column":59}},"4":{"start":{"line":8,"column":0},"end":{"line":8,"column":58}},"5":{"start":{"line":10,"column":0},"end":{"line":10,"column":67}},"6":{"start":{"line":12,"column":0},"end":{"line":12,"column":65}},"7":{"start":{"line":14,"column":0},"end":{"line":14,"column":64}},"8":{"start":{"line":16,"column":0},"end":{"line":16,"column":61}},"9":{"start":{"line":18,"column":0},"end":{"line":18,"column":60}},"10":{"start":{"line":20,"column":0},"end":{"line":20,"column":24}}},"fnMap":{},"branchMap":{},"s":{"0":1,"1":1,"2":1,"3":1,"4":1,"5":1,"6":1,"7":1,"8":1,"9":1,"10":1},"f":{},"b":{}}
,"/Users/user/Documents/Personal_Projects/stack_overflow-lite/src/routes/index.ts": {"path":"/Users/user/Documents/Personal_Projects/stack_overflow-lite/src/routes/index.ts","statementMap":{"0":{"start":{"line":1,"column":0},"end":{"line":1,"column":33}},"1":{"start":{"line":2,"column":0},"end":{"line":2,"column":34}},"2":{"start":{"line":3,"column":0},"end":{"line":3,"column":42}},"3":{"start":{"line":4,"column":0},"end":{"line":4,"column":38}},"4":{"start":{"line":5,"column":0},"end":{"line":5,"column":36}},"5":{"start":{"line":7,"column":15},"end":{"line":7,"column":23}},"6":{"start":{"line":9,"column":0},"end":{"line":9,"column":34}},"7":{"start":{"line":10,"column":0},"end":{"line":10,"column":42}},"8":{"start":{"line":11,"column":0},"end":{"line":11,"column":38}},"9":{"start":{"line":12,"column":0},"end":{"line":12,"column":28}},"10":{"start":{"line":14,"column":0},"end":{"line":14,"column":22}}},"fnMap":{},"branchMap":{},"s":{"0":1,"1":1,"2":1,"3":1,"4":1,"5":1,"6":1,"7":1,"8":1,"9":1,"10":1},"f":{},"b":{}}
,"/Users/user/Documents/Personal_Projects/stack_overflow-lite/src/routes/questions.ts": {"path":"/Users/user/Documents/Personal_Projects/stack_overflow-lite/src/routes/questions.ts","statementMap":{"0":{"start":{"line":1,"column":0},"end":{"line":1,"column":33}},"1":{"start":{"line":2,"column":0},"end":{"line":2,"column":52}},"2":{"start":{"line":3,"column":0},"end":{"line":3,"column":59}},"3":{"start":{"line":4,"column":0},"end":{"line":4,"column":59}},"4":{"start":{"line":6,"column":24},"end":{"line":6,"column":32}},"5":{"start":{"line":8,"column":0},"end":{"line":8,"column":139}},"6":{"start":{"line":10,"column":0},"end":{"line":10,"column":82}},"7":{"start":{"line":12,"column":0},"end":{"line":12,"column":110}},"8":{"start":{"line":14,"column":0},"end":{"line":14,"column":113}},"9":{"start":{"line":16,"column":0},"end":{"line":16,"column":31}}},"fnMap":{},"branchMap":{},"s":{"0":1,"1":1,"2":1,"3":1,"4":1,"5":1,"6":1,"7":1,"8":1,"9":1},"f":{},"b":{}}
,"/Users/user/Documents/Personal_Projects/stack_overflow-lite/src/routes/users.ts": {"path":"/Users/user/Documents/Personal_Projects/stack_overflow-lite/src/routes/users.ts","statementMap":{"0":{"start":{"line":1,"column":0},"end":{"line":1,"column":33}},"1":{"start":{"line":2,"column":0},"end":{"line":2,"column":51}},"2":{"start":{"line":3,"column":0},"end":{"line":3,"column":51}},"3":{"start":{"line":5,"column":20},"end":{"line":5,"column":28}},"4":{"start":{"line":7,"column":0},"end":{"line":7,"column":113}},"5":{"start":{"line":9,"column":0},"end":{"line":9,"column":124}},"6":{"start":{"line":11,"column":0},"end":{"line":11,"column":120}},"7":{"start":{"line":13,"column":0},"end":{"line":13,"column":102}},"8":{"start":{"line":15,"column":0},"end":{"line":15,"column":115}},"9":{"start":{"line":17,"column":0},"end":{"line":17,"column":27}}},"fnMap":{},"branchMap":{},"s":{"0":1,"1":1,"2":1,"3":1,"4":1,"5":1,"6":1,"7":1,"8":1,"9":1},"f":{},"b":{}}
,"/Users/user/Documents/Personal_Projects/stack_overflow-lite/src/services/connection.ts": {"path":"/Users/user/Documents/Personal_Projects/stack_overflow-lite/src/services/connection.ts","statementMap":{"0":{"start":{"line":1,"column":0},"end":{"line":1,"column":27}},"1":{"start":{"line":2,"column":17},"end":{"line":2,"column":46}},"2":{"start":{"line":3,"column":17},"end":{"line":3,"column":46}},"3":{"start":{"line":4,"column":13},"end":{"line":4,"column":38}},"4":{"start":{"line":7,"column":25},"end":{"line":7,"column":66}},"5":{"start":{"line":8,"column":0},"end":{"line":8,"column":32}}},"fnMap":{},"branchMap":{},"s":{"0":1,"1":1,"2":1,"3":1,"4":1,"5":1},"f":{},"b":{}}
,"/Users/user/Documents/Personal_Projects/stack_overflow-lite/src/services/rabbitMq.ts": {"path":"/Users/user/Documents/Personal_Projects/stack_overflow-lite/src/services/rabbitMq.ts","statementMap":{"0":{"start":{"line":1,"column":0},"end":{"line":1,"column":40}},"1":{"start":{"line":2,"column":0},"end":{"line":2,"column":44}},"2":{"start":{"line":4,"column":14},"end":{"line":4,"column":18}},"3":{"start":{"line":5,"column":0},"end":{"line":9,"column":3}},"4":{"start":{"line":6,"column":2},"end":{"line":8,"column":5}},"5":{"start":{"line":7,"column":4},"end":{"line":7,"column":17}},"6":{"start":{"line":12,"column":30},"end":{"line":15,"column":2}},"7":{"start":{"line":12,"column":69},"end":{"line":15,"column":2}},"8":{"start":{"line":13,"column":2},"end":{"line":13,"column":36}},"9":{"start":{"line":14,"column":2},"end":{"line":14,"column":92}},"10":{"start":{"line":12,"column":13},"end":{"line":12,"column":30}},"11":{"start":{"line":18,"column":32},"end":{"line":21,"column":2}},"12":{"start":{"line":18,"column":71},"end":{"line":21,"column":2}},"13":{"start":{"line":19,"column":2},"end":{"line":19,"column":59}},"14":{"start":{"line":20,"column":2},"end":{"line":20,"column":73}},"15":{"start":{"line":18,"column":13},"end":{"line":18,"column":32}},"16":{"start":{"line":23,"column":0},"end":{"line":26,"column":3}},"17":{"start":{"line":24,"column":2},"end":{"line":24,"column":13}},"18":{"start":{"line":25,"column":2},"end":{"line":25,"column":42}}},"fnMap":{"0":{"name":"(anonymous_8)","decl":{"start":{"line":5,"column":31},"end":{"line":5,"column":41}},"loc":{"start":{"line":5,"column":60},"end":{"line":9,"column":1}}},"1":{"name":"(anonymous_9)","decl":{"start":{"line":6,"column":21},"end":{"line":6,"column":31}},"loc":{"start":{"line":6,"column":53},"end":{"line":8,"column":3}}},"2":{"name":"(anonymous_10)","decl":{"start":{"line":12,"column":30},"end":{"line":12,"column":37}},"loc":{"start":{"line":12,"column":69},"end":{"line":15,"column":2}}},"3":{"name":"(anonymous_11)","decl":{"start":{"line":12,"column":69},"end":{"line":12,"column":null}},"loc":{"start":{"line":12,"column":69},"end":{"line":15,"column":1}}},"4":{"name":"(anonymous_12)","decl":{"start":{"line":18,"column":32},"end":{"line":18,"column":39}},"loc":{"start":{"line":18,"column":71},"end":{"line":21,"column":2}}},"5":{"name":"(anonymous_13)","decl":{"start":{"line":18,"column":71},"end":{"line":18,"column":null}},"loc":{"start":{"line":18,"column":71},"end":{"line":21,"column":1}}},"6":{"name":"(anonymous_14)","decl":{"start":{"line":23,"column":19},"end":{"line":23,"column":22}},"loc":{"start":{"line":23,"column":24},"end":{"line":26,"column":1}}}},"branchMap":{},"s":{"0":1,"1":1,"2":1,"3":1,"4":0,"5":0,"6":1,"7":0,"8":0,"9":0,"10":1,"11":1,"12":0,"13":0,"14":0,"15":1,"16":1,"17":0,"18":0},"f":{"0":0,"1":0,"2":0,"3":0,"4":0,"5":0,"6":0},"b":{}}
,"/Users/user/Documents/Personal_Projects/stack_overflow-lite/src/utils/helper.ts": {"path":"/Users/user/Documents/Personal_Projects/stack_overflow-lite/src/utils/helper.ts","statementMap":{"0":{"start":{"line":1,"column":0},"end":{"line":1,"column":33}},"1":{"start":{"line":4,"column":23},"end":{"line":7,"column":1}},"2":{"start":{"line":5,"column":21},"end":{"line":5,"column":113}},"3":{"start":{"line":6,"column":2},"end":{"line":6,"column":20}},"4":{"start":{"line":9,"column":20},"end":{"line":9,"column":53}},"5":{"start":{"line":11,"column":29},"end":{"line":15,"column":1}},"6":{"start":{"line":12,"column":55},"end":{"line":12,"column":62}},"7":{"start":{"line":14,"column":2},"end":{"line":14,"column":67}},"8":{"start":{"line":17,"column":27},"end":{"line":21,"column":1}},"9":{"start":{"line":18,"column":47},"end":{"line":18,"column":54}},"10":{"start":{"line":20,"column":2},"end":{"line":20,"column":60}},"11":{"start":{"line":23,"column":0},"end":{"line":27,"column":2}}},"fnMap":{"0":{"name":"(anonymous_1)","decl":{"start":{"line":4,"column":23},"end":{"line":4,"column":24}},"loc":{"start":{"line":4,"column":40},"end":{"line":7,"column":1}}},"1":{"name":"(anonymous_2)","decl":{"start":{"line":11,"column":29},"end":{"line":11,"column":30}},"loc":{"start":{"line":11,"column":61},"end":{"line":15,"column":1}}},"2":{"name":"(anonymous_3)","decl":{"start":{"line":17,"column":27},"end":{"line":17,"column":28}},"loc":{"start":{"line":17,"column":59},"end":{"line":21,"column":1}}}},"branchMap":{"0":{"loc":{"start":{"line":12,"column":30},"end":{"line":12,"column":50}},"type":"default-arg","locations":[{"start":{"line":12,"column":39},"end":{"line":12,"column":50}}]},"1":{"loc":{"start":{"line":18,"column":22},"end":{"line":18,"column":42}},"type":"default-arg","locations":[{"start":{"line":18,"column":31},"end":{"line":18,"column":42}}]}},"s":{"0":1,"1":1,"2":0,"3":0,"4":1,"5":1,"6":0,"7":0,"8":1,"9":0,"10":0,"11":1},"f":{"0":0,"1":0,"2":0},"b":{"0":[0],"1":[0]}}
,"/Users/user/Documents/Personal_Projects/stack_overflow-lite/src/utils/responseHandler.ts": {"path":"/Users/user/Documents/Personal_Projects/stack_overflow-lite/src/utils/responseHandler.ts","statementMap":{"0":{"start":{"line":1,"column":0},"end":{"line":1,"column":27}},"1":{"start":{"line":3,"column":0},"end":{"line":3,"column":30}},"2":{"start":{"line":6,"column":4},"end":{"line":6,"column":71}},"3":{"start":{"line":10,"column":4},"end":{"line":10,"column":71}},"4":{"start":{"line":14,"column":4},"end":{"line":14,"column":61}},"5":{"start":{"line":18,"column":4},"end":{"line":18,"column":61}},"6":{"start":{"line":22,"column":4},"end":{"line":22,"column":61}},"7":{"start":{"line":26,"column":4},"end":{"line":26,"column":61}},"8":{"start":{"line":30,"column":0},"end":{"line":30,"column":31}}},"fnMap":{"0":{"name":"(anonymous_1)","decl":{"start":{"line":5,"column":9},"end":{"line":5,"column":15}},"loc":{"start":{"line":5,"column":94},"end":{"line":7,"column":3}}},"1":{"name":"(anonymous_2)","decl":{"start":{"line":9,"column":9},"end":{"line":9,"column":15}},"loc":{"start":{"line":9,"column":92},"end":{"line":11,"column":3}}},"2":{"name":"(anonymous_3)","decl":{"start":{"line":13,"column":9},"end":{"line":13,"column":15}},"loc":{"start":{"line":13,"column":87},"end":{"line":15,"column":3}}},"3":{"name":"(anonymous_4)","decl":{"start":{"line":17,"column":9},"end":{"line":17,"column":15}},"loc":{"start":{"line":17,"column":91},"end":{"line":19,"column":3}}},"4":{"name":"(anonymous_5)","decl":{"start":{"line":21,"column":9},"end":{"line":21,"column":15}},"loc":{"start":{"line":21,"column":94},"end":{"line":23,"column":3}}},"5":{"name":"(anonymous_6)","decl":{"start":{"line":25,"column":9},"end":{"line":25,"column":15}},"loc":{"start":{"line":25,"column":100},"end":{"line":27,"column":3}}}},"branchMap":{"0":{"loc":{"start":{"line":5,"column":31},"end":{"line":5,"column":43}},"type":"default-arg","locations":[{"start":{"line":5,"column":40},"end":{"line":5,"column":43}}]},"1":{"loc":{"start":{"line":5,"column":45},"end":{"line":5,"column":59}},"type":"default-arg","locations":[{"start":{"line":5,"column":55},"end":{"line":5,"column":59}}]},"2":{"loc":{"start":{"line":5,"column":61},"end":{"line":5,"column":72}},"type":"default-arg","locations":[{"start":{"line":5,"column":68},"end":{"line":5,"column":72}}]},"3":{"loc":{"start":{"line":9,"column":31},"end":{"line":9,"column":43}},"type":"default-arg","locations":[{"start":{"line":9,"column":40},"end":{"line":9,"column":43}}]},"4":{"loc":{"start":{"line":9,"column":45},"end":{"line":9,"column":64}},"type":"default-arg","locations":[{"start":{"line":9,"column":55},"end":{"line":9,"column":64}}]},"5":{"loc":{"start":{"line":13,"column":32},"end":{"line":13,"column":44}},"type":"default-arg","locations":[{"start":{"line":13,"column":41},"end":{"line":13,"column":44}}]},"6":{"loc":{"start":{"line":13,"column":46},"end":{"line":13,"column":65}},"type":"default-arg","locations":[{"start":{"line":13,"column":54},"end":{"line":13,"column":65}}]},"7":{"loc":{"start":{"line":17,"column":34},"end":{"line":17,"column":46}},"type":"default-arg","locations":[{"start":{"line":17,"column":43},"end":{"line":17,"column":46}}]},"8":{"loc":{"start":{"line":17,"column":48},"end":{"line":17,"column":69}},"type":"default-arg","locations":[{"start":{"line":17,"column":56},"end":{"line":17,"column":69}}]},"9":{"loc":{"start":{"line":21,"column":36},"end":{"line":21,"column":48}},"type":"default-arg","locations":[{"start":{"line":21,"column":45},"end":{"line":21,"column":48}}]},"10":{"loc":{"start":{"line":21,"column":50},"end":{"line":21,"column":72}},"type":"default-arg","locations":[{"start":{"line":21,"column":58},"end":{"line":21,"column":72}}]},"11":{"loc":{"start":{"line":25,"column":34},"end":{"line":25,"column":46}},"type":"default-arg","locations":[{"start":{"line":25,"column":43},"end":{"line":25,"column":46}}]},"12":{"loc":{"start":{"line":25,"column":48},"end":{"line":25,"column":78}},"type":"default-arg","locations":[{"start":{"line":25,"column":56},"end":{"line":25,"column":78}}]}},"s":{"0":1,"1":1,"2":0,"3":0,"4":0,"5":0,"6":0,"7":0,"8":1},"f":{"0":0,"1":0,"2":0,"3":0,"4":0,"5":0},"b":{"0":[0],"1":[0],"2":[0],"3":[0],"4":[0],"5":[0],"6":[0],"7":[0],"8":[0],"9":[0],"10":[0],"11":[0],"12":[0]}}
,"/Users/user/Documents/Personal_Projects/stack_overflow-lite/src/utils/sendMail.ts": {"path":"/Users/user/Documents/Personal_Projects/stack_overflow-lite/src/utils/sendMail.ts","statementMap":{"0":{"start":{"line":1,"column":0},"end":{"line":1,"column":36}},"1":{"start":{"line":3,"column":25},"end":{"line":21,"column":2}},"2":{"start":{"line":3,"column":48},"end":{"line":21,"column":2}},"3":{"start":{"line":4,"column":22},"end":{"line":11,"column":4}},"4":{"start":{"line":13,"column":18},"end":{"line":18,"column":4}},"5":{"start":{"line":20,"column":2},"end":{"line":20,"column":38}},"6":{"start":{"line":3,"column":13},"end":{"line":3,"column":25}}},"fnMap":{"0":{"name":"(anonymous_8)","decl":{"start":{"line":3,"column":25},"end":{"line":3,"column":32}},"loc":{"start":{"line":3,"column":48},"end":{"line":21,"column":2}}},"1":{"name":"(anonymous_9)","decl":{"start":{"line":3,"column":48},"end":{"line":3,"column":null}},"loc":{"start":{"line":3,"column":48},"end":{"line":21,"column":1}}}},"branchMap":{},"s":{"0":1,"1":1,"2":0,"3":0,"4":0,"5":0,"6":1},"f":{"0":0,"1":0},"b":{}}
}
